  INFO root [0x000010c4] [2024-10-07 17:54:30,553] - 
  INFO root [0x000010c4] [2024-10-07 17:54:30,553] - -----------------------------------------------------------------------------------------


  INFO root [0x000010c4] [2024-10-07 17:54:30,553] - Resmgr::initialize: KBE_ROOT=C:/tut/kbengine-2.5.12/
  INFO root [0x000010c4] [2024-10-07 17:54:30,553] - Resmgr::initialize: KBE_RES_PATH=C:/tut/kbengine-2.5.12/kbe/res/;C:/tut/kbengine-2.5.12/server_assets/;C:/tut/kbengine-2.5.12/server_assets/scripts/;C:/tut/kbengine-2.5.12/server_assets/res/
  INFO root [0x000010c4] [2024-10-07 17:54:30,553] - Resmgr::initialize: KBE_BIN_PATH=C:/tut/kbengine-2.5.12/kbe/bin/server/
  INFO root [0x000010c4] [2024-10-07 17:54:30,569] - NetworkInterface::initialize(INTERNAL-TCP): bound to all interfaces with default route interface on 192.168.150.131 ( 192.168.150.131:49904 )
  INFO root [0x000010c4] [2024-10-07 17:54:30,569] - NetworkInterface::initialize(INTERNAL-TCP): address 192.168.150.131:49904, SOMAXCONN=511.
  INFO root [0x000010c4] [2024-10-07 17:54:30,569] - server-configs:
  INFO root [0x000010c4] [2024-10-07 17:54:30,569] - 	gameUpdateHertz : 10
  INFO root [0x000010c4] [2024-10-07 17:54:30,569] - 	defaultViewRadius : 80
  INFO root [0x000010c4] [2024-10-07 17:54:30,569] - 	defaultViewHysteresisArea : 5
  INFO root [0x000010c4] [2024-10-07 17:54:30,569] - 	entryScriptFile : kbemain
  INFO root [0x000010c4] [2024-10-07 17:54:30,569] - 	internalTcpAddr : 192.168.150.131:49904
  INFO root [0x000010c4] [2024-10-07 17:54:30,569] - 	componentID : 8001
  INFO root [0x000010c4] [2024-10-07 17:54:30,585] - Components::findLogger: found logger, addr:192.168.150.131:49893
  INFO root [0x000010c4] [2024-10-07 17:54:30,585] - Components::addComponent: reset orderLog, uid=13419!
  INFO root [0x000010c4] [2024-10-07 17:54:30,585] - Components::addComponent[logger], uid=13419, componentID=2000, globalorderid=1, grouporderid=1, totalcount=1
  INFO root [0x000010c4] [2024-10-07 17:54:30,585] - ---- cellapp Version: 2.5.10. ScriptVersion: 0.1.0. Pythoncore: 3.7.3. Protocol: 4478E9BD24C10143131E32BB1D739ABD. Config: Debug X64. Built: 12:44:48 Oct  4 2024. AppID: 8001. UID: 13419. PID: 10464 ----
  INFO root [0x000010c4] [2024-10-07 17:54:30,585] - Server 22414: 11th Gen Intel(R) Core(TM) i5-11300H @ 3.10GHz with 4193144kB RAM
  INFO root [0x000010c4] [2024-10-07 17:54:30,585] - ThreadPool::createThreadPool: creating  threadpool...
  INFO root [0x000010c4] [2024-10-07 17:54:30,585] - ThreadPool::createThreadPool: successfully(2), newThreadCount=1, normalMaxThreadCount=2, maxThreadCount=8
  INFO root [0x000010c4] [2024-10-07 17:54:30,846] - Script::install(): is successfully, Python=(3.7.3 (default, Oct  4 2024, 12:41:09) [MSC v.1941 64 bit (AMD64)])!
  INFO root [0x000010c4] [2024-10-07 17:54:30,846] - Script::install(): KBExtra is successfully!
  INFO root [0x000010c4] [2024-10-07 17:54:30,895] - TelnetServer server is running on port 50000
  INFO root [0x000010c4] [2024-10-07 17:54:31,181] - ---- cellapp is running ----
 DEBUG root [0x000010c4] [2024-10-07 17:54:31,181] - Components::process(): Request for the process of identity...
  WARN root [0x000010c4] [2024-10-07 17:54:37,397] - Forwarding logs to logger[192.168.150.131:49893/0/0/0]...
 ERROR root [0x000010c4] [2024-10-07 17:55:30,769] - Components::removeComponentByChannel: logger : 2000, Abnormal exit(reason=TCPPacketReceiver::processRecv(): error=10054
)! Channel(timestamp=19125314858, lastReceivedTime=19092916838, inactivityExceptionPeriod=599500320)
   OFF root [0x000010c4] [2024-10-07 17:55:30,785] - The following logs sent to logger failed:
  WARN root [0x000010c4] [2024-10-07 17:55:30,785] - ==> [2024-10-07 17:55:30 784] TCPPacketReceiver::processPendingEvents(192.168.150.131:49893): Throwing REASON_GENERAL_NETWORK - WSAECONNRESET
 ERROR root [0x000010c4] [2024-10-07 17:55:30,785] - ==> [2024-10-07 17:55:30 785] Components::removeComponentByChannel: logger : 2000, Abnormal exit(reason=TCPPacketReceiver::processRecv(): error=10054
)! Channel(timestamp=19125314858, lastReceivedTime=19092916838, inactivityExceptionPeriod=599500320)
  WARN root [0x000010c4] [2024-10-07 17:55:30,802] - TCPPacketReceiver::processPendingEvents(192.168.150.131:49894): Throwing REASON_GENERAL_NETWORK - WSAECONNRESET
 ERROR root [0x000010c4] [2024-10-07 17:55:30,816] - Components::removeComponentByChannel: dbmgr : 4000, Abnormal exit(reason=TCPPacketReceiver::processRecv(): error=10054
)! Channel(timestamp=19125637323, lastReceivedTime=19104344777, inactivityExceptionPeriod=599500320)
  INFO root [0x000010c4] [2024-10-07 17:55:30,816] - Shutdowner::onShutdownBegin: shutting down(period=0, tickPeriod=1)
  INFO root [0x000010c4] [2024-10-07 17:55:30,818] - Shutdowner::onShutdown: shutting down
  INFO root [0x000010c4] [2024-10-07 17:55:30,818] - Shutdowner::onShutdownEnd: shutting down
 DEBUG root [0x000010c4] [2024-10-07 17:55:30,818] - EntityRef::destroyObjPool(): size 0.
 DEBUG root [0x000010c4] [2024-10-07 17:55:30,818] - Witness::destroyObjPool(): size 0.
  INFO root [0x000010c4] [2024-10-07 17:55:30,850] - Script::uninstall(): is successfully!
 DEBUG root [0x000010c4] [2024-10-07 17:55:30,850] - ThreadPool::destroy(): starting size 2.
  WARN root [0x000010c4] [2024-10-07 17:55:31,166] - ThreadPool::destroy(): waiting for thread(2)[0x22420bf96d0,0x22420bf9950,], try=1
