  INFO root [2024-10-07 17:54:28,649] - 
  INFO root [2024-10-07 17:54:28,649] - -----------------------------------------------------------------------------------------


  INFO root [2024-10-07 17:54:28,664] - Resmgr::initialize: KBE_ROOT=C:/tut/kbengine-2.5.12/
  INFO root [2024-10-07 17:54:28,664] - Resmgr::initialize: KBE_RES_PATH=C:/tut/kbengine-2.5.12/kbe/res/;C:/tut/kbengine-2.5.12/server_assets/;C:/tut/kbengine-2.5.12/server_assets/scripts/;C:/tut/kbengine-2.5.12/server_assets/res/
  INFO root [2024-10-07 17:54:28,664] - Resmgr::initialize: KBE_BIN_PATH=C:/tut/kbengine-2.5.12/kbe/bin/server/
  INFO root [2024-10-07 17:54:28,680] - NetworkInterface::initialize(INTERNAL-TCP): bound to all interfaces with default route interface on 192.168.150.131 ( 192.168.150.131:49894 )
  INFO root [2024-10-07 17:54:28,680] - NetworkInterface::initialize(INTERNAL-TCP): address 192.168.150.131:49894, SOMAXCONN=511.
  INFO root [2024-10-07 17:54:28,680] - server-configs:
  INFO root [2024-10-07 17:54:28,680] - 	internalTcpAddr : 192.168.150.131:49894
  INFO root [2024-10-07 17:54:28,680] - 	componentID : 4000
  INFO root [2024-10-07 17:54:28,765] - Components::findLogger: found logger, addr:192.168.150.131:49893
  INFO root [2024-10-07 17:54:28,765] - Components::addComponent: reset orderLog, uid=13419!
  INFO root [2024-10-07 17:54:28,765] - Components::addComponent[logger], uid=13419, componentID=2000, globalorderid=1, grouporderid=1, totalcount=1
  INFO root [2024-10-07 17:54:28,774] - ---- dbmgr Version: 2.5.10. ScriptVersion: 0.1.0. Pythoncore: 3.7.3. Protocol: CEEA1830B25FC811C6B0172173A5FCD0. Config: Debug X64. Built: 12:42:43 Oct  4 2024. AppID: 4000. UID: 13419. PID: 1248 ----
  INFO root [2024-10-07 17:54:28,774] - Server 22414: 11th Gen Intel(R) Core(TM) i5-11300H @ 3.10GHz with 4193144kB RAM
  INFO root [2024-10-07 17:54:28,774] - ThreadPool::createThreadPool: creating  threadpool...
  INFO root [2024-10-07 17:54:28,774] - ThreadPool::createThreadPool: successfully(2), newThreadCount=1, normalMaxThreadCount=2, maxThreadCount=8
  INFO root [2024-10-07 17:54:29,074] - Script::install(): is successfully, Python=(3.7.3 (default, Oct  4 2024, 12:41:09) [MSC v.1941 64 bit (AMD64)])!
  INFO root [2024-10-07 17:54:29,074] - Script::install(): KBExtra is successfully!
  INFO root [2024-10-07 17:54:29,214] - Dbmgr::initializeEnd: digest(363BB7D9C7C9010E5779213C13D38542)
S_INFO root [2024-10-07 17:54:29,214] - onDBMgrReady: bootstrapGroupIndex=0, bootstrapGlobalIndex=0
  INFO root [2024-10-07 17:54:29,214] - TelnetServer server is running on port 32000
  INFO root [2024-10-07 17:54:29,214] - Dbmgr::initInterfacesHandler: interfaces addr(127.0.0.1:30099), accountType:(interfaces), chargeType:(interfaces).
  WARN root [2024-10-07 17:54:29,485] - DBUtil::initialize: db(default) password is not encrypted!
please use password(rsa):
4CE30CB6156CC1AF80942BC911F3A08324742DB6A726E165C15198EBB1DC659381BD87AB142D3F5F37578EA460B860EBE0F6055C4A34B8EBBF055DC51A7D6CAB311B8B54E71A9F9922F4828F0F1D5AB8178E6B6BB2DD5C91084EB3C3D6433157BCD7C2A33B5D9250F73D28E4A805D5BE543D15F051034E96E7699C3D50DC696C
 DEBUG root [2024-10-07 17:54:29,485] - DBInterfaceMysql::attach: connect: localhost:3306 starting...
 DEBUG root [2024-10-07 17:54:31,523] - DBInterfaceMysql::attach: successfully! addr: localhost:3306
  INFO root [2024-10-07 17:54:31,523] - DBUtil::createInterface[0x3018f7e308]: interface=default, dbtype=mysql, ip=localhost, port=3306, currdatabase=kbe, username=kbe, connected=yes.

  INFO root [2024-10-07 17:54:31,523] - ThreadPool::createThreadPool: creating  threadpool...
  INFO root [2024-10-07 17:54:31,539] - ThreadPool::createThreadPool: successfully(5), newThreadCount=5, normalMaxThreadCount=5, maxThreadCount=5
 DEBUG root [2024-10-07 17:54:31,539] - DBInterfaceMysql::attach: connect: localhost:3306 starting...
 DEBUG root [2024-10-07 17:54:31,539] - DBInterfaceMysql::attach: connect: localhost:3306 starting...
 DEBUG root [2024-10-07 17:54:31,539] - DBInterfaceMysql::attach: connect: localhost:3306 starting...
 DEBUG root [2024-10-07 17:54:31,539] - DBInterfaceMysql::attach: connect: localhost:3306 starting...
 DEBUG root [2024-10-07 17:54:31,539] - DBInterfaceMysql::attach: connect: localhost:3306 starting...
  INFO root [2024-10-07 17:54:31,652] - DBInterfaceMysql::query: successfully!
 DEBUG root [2024-10-07 17:54:33,580] - DBInterfaceMysql::attach: successfully! addr: localhost:3306
 DEBUG root [2024-10-07 17:54:33,580] - DBThread::onStart(): 0x1f01c7fefe0!
 DEBUG root [2024-10-07 17:54:33,580] - DBInterfaceMysql::attach: successfully! addr: localhost:3306
 DEBUG root [2024-10-07 17:54:33,580] - DBThread::onStart(): 0x1f01c7ff0b0!
 DEBUG root [2024-10-07 17:54:33,580] - DBInterfaceMysql::attach: successfully! addr: localhost:3306
 DEBUG root [2024-10-07 17:54:33,580] - DBThread::onStart(): 0x1f01c7fe070!
 DEBUG root [2024-10-07 17:54:33,580] - DBInterfaceMysql::attach: successfully! addr: localhost:3306
 DEBUG root [2024-10-07 17:54:33,580] - DBThread::onStart(): 0x1f01c7fe2e0!
 DEBUG root [2024-10-07 17:54:33,580] - DBInterfaceMysql::attach: successfully! addr: localhost:3306
 DEBUG root [2024-10-07 17:54:33,580] - DBThread::onStart(): 0x1f01c7feca0!
  INFO root [2024-10-07 17:54:33,611] - DBInterfaceMysql::query: successfully!
  INFO root [2024-10-07 17:54:33,611] - DBInterfaceMysql::query: successfully!
  INFO root [2024-10-07 17:54:33,611] - DBInterfaceMysql::query: successfully!
  WARN root [2024-10-07 17:54:33,611] - DBTask::process(): delay 1.93 seconds, try adjusting the kbengine[_defs].xml(numConnections) and MySQL(my.cnf->max_connections or innodb_flush_log_at_trx_commit)!
sql:(show index from tbl_Account)
  WARN root [2024-10-07 17:54:33,611] - DBTask::process(): delay 1.93 seconds, try adjusting the kbengine[_defs].xml(numConnections) and MySQL(my.cnf->max_connections or innodb_flush_log_at_trx_commit)!
sql:(CREATE TABLE IF NOT EXISTS kbe_accountinfos (`accountName` varchar(128) not null, PRIMARY KEY idKey (`accountName`),`password` varchar(255) not null,`bindata` blob,`email` varchar(191) not null, UNIQUE KEY `email` (`email`),`entityDBID` bigint(20) unsigned not null DEFAULT 0, UNIQUE KEY `entityDBID` (`entityDBID`),`flags` int unsigned not null DEFAULT 0,`deadline` bigint(20) not null DEFAULT 0,`regtime` bigint(20) not null DEFAULT 0,`lasttime` bigint(20) not null DEFAULT 0,`numlogin` int unsigned not null DEFAULT 0)ENGINE=InnoDB)
  WARN root [2024-10-07 17:54:33,627] - DBTask::process(): delay 1.93 seconds, try adjusting the kbengine[_defs].xml(numConnections) and MySQL(my.cnf->max_connections or innodb_flush_log_at_trx_commit)!
sql:(insert into kbe_serverlog (heartbeatTime, isShareDB, serverGroupID) values(1728294873,0,13419) ON DUPLICATE KEY UPDATE heartbeatTime=1728294873,isShareDB=0)
  INFO root [2024-10-07 17:54:33,627] - DBInterfaceMysql::query: successfully!
  INFO root [2024-10-07 17:54:33,627] - DBInterfaceMysql::query: successfully!
  INFO root [2024-10-07 17:54:33,627] - DBInterfaceMysql::query: successfully!
  WARN root [2024-10-07 17:54:33,627] - DBTask::process(): delay 1.93 seconds, try adjusting the kbengine[_defs].xml(numConnections) and MySQL(my.cnf->max_connections or innodb_flush_log_at_trx_commit)!
sql:(delete from kbe_email_verification where logtime<1728291273 and type=3)
  INFO root [2024-10-07 17:54:33,627] - DBInterfaceMysql::query: successfully!
  INFO root [2024-10-07 17:54:33,627] - DBInterfaceMysql::query: successfully!
  WARN root [2024-10-07 17:54:33,627] - DBTask::process(): delay 1.93 seconds, try adjusting the kbengine[_defs].xml(numConnections) and MySQL(my.cnf->max_connections or innodb_flush_log_at_trx_commit)!
sql:(select distinct(serverGroupID) from kbe_entitylog)
 DEBUG root [2024-10-07 17:54:33,659] - DBInterfaceMysql::dropEntityTableFromDB: tbl_FirstEntity.
  INFO root [2024-10-07 17:54:33,659] - DBInterfaceMysql::query: successfully!
 DEBUG root [2024-10-07 17:54:33,659] - DBInterfaceMysql::dropEntityTableFromDB: tbl_FirstSpace.
  INFO root [2024-10-07 17:54:33,659] - DBInterfaceMysql::query: successfully!
  WARN root [2024-10-07 17:54:33,659] - C:\tut\kbengine-2.5.12\kbe\src\server\dbmgr\dbmgr.cpp:306: Profile scriptCall took 4.45 seconds
  INFO root [2024-10-07 17:54:33,985] - ---- dbmgr is running ----
 DEBUG root [2024-10-07 17:54:33,985] - Components::process(): Request for the process of identity...
  WARN root [2024-10-07 17:54:40,188] - Forwarding logs to logger[192.168.150.131:49893/0/0/0]...
 ERROR root [2024-10-07 17:55:30,769] - Components::removeComponentByChannel: logger : 2000, Abnormal exit(reason=TCPPacketReceiver::processRecv(): error=10054
)! Channel(timestamp=19125307290, lastReceivedTime=19092914343, inactivityExceptionPeriod=599500000)
   OFF root [2024-10-07 17:55:30,769] - The following logs sent to logger failed:
  WARN root [2024-10-07 17:55:30,785] - ==> [2024-10-07 17:55:30 784] TCPPacketReceiver::processPendingEvents(192.168.150.131:49893): Throwing REASON_GENERAL_NETWORK - WSAECONNRESET
 ERROR root [2024-10-07 17:55:30,785] - ==> [2024-10-07 17:55:30 785] Components::removeComponentByChannel: logger : 2000, Abnormal exit(reason=TCPPacketReceiver::processRecv(): error=10054
)! Channel(timestamp=19125307290, lastReceivedTime=19092914343, inactivityExceptionPeriod=599500000)
