  INFO root [0x000007d8] [2024-10-07 17:25:27,587] - 
  INFO root [0x000007d8] [2024-10-07 17:25:27,587] - -----------------------------------------------------------------------------------------


  INFO root [0x000007d8] [2024-10-07 17:25:27,587] - NetworkInterface::initialize(INTERNAL-TCP): bound to all interfaces with default route interface on 192.168.150.131 ( 192.168.150.131:49739 )
  INFO root [0x000007d8] [2024-10-07 17:25:27,587] - NetworkInterface::initialize(INTERNAL-TCP): address 192.168.150.131:49739, SOMAXCONN=5.
  INFO root [0x000007d8] [2024-10-07 17:25:28,122] - Script::install(): is successfully, Python=(3.7.3 (default, Oct  4 2024, 12:41:09) [MSC v.1941 64 bit (AMD64)])!
  INFO root [0x000007d8] [2024-10-07 17:25:28,122] - Script::install(): KBExtra is successfully!
  INFO root [0x000007d8] [2024-10-07 17:25:28,138] - ---- bots Version: 2.5.10. ScriptVersion: 0.1.0. Protocol: 3C537E4F851B7C3C46366551B4CF1097. Config: Debug. Built: 12:43:30 Oct  4 2024. AppID: 7422962460265086976. UID: 13419. PID: 1992 ----
  INFO root [0x000007d8] [2024-10-07 17:25:28,150] - Server 22414: 11th Gen Intel(R) Core(TM) i5-11300H @ 3.10GHz with 4193144kB RAM
  INFO root [0x000007d8] [2024-10-07 17:25:28,150] - ThreadPool::createThreadPool: creating  threadpool...
  INFO root [0x000007d8] [2024-10-07 17:25:28,150] - ThreadPool::createThreadPool: successfully(1), newThreadCount=1, normalMaxThreadCount=1, maxThreadCount=4
 S_ERR root [0x000007d8] [2024-10-07 17:25:28,896] - ModuleNotFoundError: No module named 'venv.Lib'
 ERROR root [0x000007d8] [2024-10-07 17:25:28,896] - app::initialize error!
 DEBUG root [0x000007d8] [2024-10-07 17:25:28,896] - ThreadPool::destroy(): starting size 1.
  WARN root [0x000007d8] [2024-10-07 17:25:29,215] - ThreadPool::destroy(): waiting for thread(1)[0x1e1dbf130e0,], try=1
 DEBUG root [0x000007d8] [2024-10-07 17:25:29,645] - TPThread::~TPThread(): 0x1e1dbf130e0
 DEBUG root [0x000007d8] [2024-10-07 17:25:29,645] - ThreadPool::destroy(): successfully!
 DEBUG root [0x000007d8] [2024-10-07 17:25:29,645] - Bundle::destroyObjPool(): size 1.
 DEBUG root [0x000007d8] [2024-10-07 17:25:29,645] - Channel::destroyObjPool(): size 15.
 DEBUG root [0x000007d8] [2024-10-07 17:25:29,645] - TCPPacket::destroyObjPool(): size 0.
 DEBUG root [0x000007d8] [2024-10-07 17:25:29,645] - UDPPacket::destroyObjPool(): size 0.
 DEBUG root [0x000007d8] [2024-10-07 17:25:29,645] - EndPoint::destroyObjPool(): size 0.
 DEBUG root [0x000007d8] [2024-10-07 17:25:29,645] - Address::destroyObjPool(): size 0.
 DEBUG root [0x000007d8] [2024-10-07 17:25:29,645] - TCPPacketReceiver::destroyObjPool(): size 0.
 DEBUG root [0x000007d8] [2024-10-07 17:25:29,645] - UDPPacketReceiver::destroyObjPool(): size 0.
 S_ERR root [0x000007d8] [2024-10-07 17:25:29,645] - AttributeError: entities
  INFO root [0x000007d8] [2024-10-07 17:25:29,659] - Script::uninstall(): is successfully!
  INFO root [0x000007d8] [2024-10-07 17:25:29,659] - EventDispatcher()::~EventDispatcher: Num timers = 1
