  INFO root [2024-10-06 10:31:27,924] - 
  INFO root [2024-10-06 10:31:27,924] - -----------------------------------------------------------------------------------------


  INFO root [2024-10-06 10:31:27,924] - Resmgr::initialize: KBE_ROOT=C:/tut/kbengine-2.5.12/
  INFO root [2024-10-06 10:31:27,924] - Resmgr::initialize: KBE_RES_PATH=C:/tut/kbengine-2.5.12/kbe/res/;C:/tut/kbengine-2.5.12/server_assets/;C:/tut/kbengine-2.5.12/server_assets/scripts/;C:/tut/kbengine-2.5.12/server_assets/res/
  INFO root [2024-10-06 10:31:27,924] - Resmgr::initialize: KBE_BIN_PATH=C:/tut/kbengine-2.5.12/kbe/bin/server/
  INFO root [2024-10-06 10:31:27,944] - NetworkInterface::initialize(INTERNAL-TCP): bound to all interfaces with default route interface on 192.168.43.253 ( 192.168.43.253:50835 )
  INFO root [2024-10-06 10:31:27,944] - NetworkInterface::initialize(INTERNAL-TCP): address 192.168.43.253:50835, SOMAXCONN=511.
  INFO root [2024-10-06 10:31:27,944] - server-configs:
  INFO root [2024-10-06 10:31:27,944] - 	internalTcpAddr : 192.168.43.253:50835
  INFO root [2024-10-06 10:31:27,944] - 	componentID : 4000
  INFO root [2024-10-06 10:31:27,992] - Components::findLogger: found logger, addr:192.168.43.253:50834
  INFO root [2024-10-06 10:31:27,992] - Components::addComponent: reset orderLog, uid=13419!
  INFO root [2024-10-06 10:31:27,992] - Components::addComponent[logger], uid=13419, componentID=2000, globalorderid=1, grouporderid=1, totalcount=1
  INFO root [2024-10-06 10:31:27,992] - ---- dbmgr Version: 2.5.10. ScriptVersion: 0.1.0. Pythoncore: 3.7.3. Protocol: CEEA1830B25FC811C6B0172173A5FCD0. Config: Debug X64. Built: 12:42:43 Oct  4 2024. AppID: 4000. UID: 13419. PID: 1372 ----
  INFO root [2024-10-06 10:31:28,007] - Server 22414: 11th Gen Intel(R) Core(TM) i5-11300H @ 3.10GHz with 4193144kB RAM
  INFO root [2024-10-06 10:31:28,007] - ThreadPool::createThreadPool: creating  threadpool...
  INFO root [2024-10-06 10:31:28,007] - ThreadPool::createThreadPool: successfully(2), newThreadCount=1, normalMaxThreadCount=2, maxThreadCount=8
  INFO root [2024-10-06 10:31:28,238] - Script::install(): is successfully, Python=(3.7.3 (default, Oct  4 2024, 12:41:09) [MSC v.1941 64 bit (AMD64)])!
  INFO root [2024-10-06 10:31:28,238] - Script::install(): KBExtra is successfully!
  INFO root [2024-10-06 10:31:28,384] - Dbmgr::initializeEnd: digest(363BB7D9C7C9010E5779213C13D38542)
S_INFO root [2024-10-06 10:31:28,384] - onDBMgrReady: bootstrapGroupIndex=0, bootstrapGlobalIndex=0
  INFO root [2024-10-06 10:31:28,399] - TelnetServer server is running on port 32000
  INFO root [2024-10-06 10:31:28,399] - Dbmgr::initInterfacesHandler: interfaces addr(127.0.0.1:30099), accountType:(interfaces), chargeType:(interfaces).
  WARN root [2024-10-06 10:31:28,623] - DBUtil::initialize: db(default) password is not encrypted!
please use password(rsa):
C2AE77E50ABFF9E2F006EFAF780E0433BD31F08313E55C0A97C42878E579E03B8F74167BC5923C2AD41BB23F3DDC6C0298CD9F55216395D0119FE540720FB4C9CD640160C9A232CBA8FDAD38578D8AA7F31EEC99333919F13C1A0B9F943A2D1E1C4A9EC1CF8D6E13C71CC3D0F21D3538CC8EE639C22433123D4316AB5981B753
 DEBUG root [2024-10-06 10:31:28,639] - DBInterfaceMysql::attach: connect: localhost:3306 starting...
 DEBUG root [2024-10-06 10:31:30,684] - DBInterfaceMysql::attach: successfully! addr: localhost:3306
  INFO root [2024-10-06 10:31:30,684] - DBUtil::createInterface[0x3dc6bee118]: interface=default, dbtype=mysql, ip=localhost, port=3306, currdatabase=kbe, username=kbe, connected=yes.

  INFO root [2024-10-06 10:31:30,685] - ThreadPool::createThreadPool: creating  threadpool...
  INFO root [2024-10-06 10:31:30,685] - ThreadPool::createThreadPool: successfully(5), newThreadCount=5, normalMaxThreadCount=5, maxThreadCount=5
 DEBUG root [2024-10-06 10:31:30,685] - DBInterfaceMysql::attach: connect: localhost:3306 starting...
 DEBUG root [2024-10-06 10:31:30,685] - DBInterfaceMysql::attach: connect: localhost:3306 starting...
 DEBUG root [2024-10-06 10:31:30,685] - DBInterfaceMysql::attach: connect: localhost:3306 starting...
 DEBUG root [2024-10-06 10:31:30,685] - DBInterfaceMysql::attach: connect: localhost:3306 starting...
 DEBUG root [2024-10-06 10:31:30,685] - DBInterfaceMysql::attach: connect: localhost:3306 starting...
  INFO root [2024-10-06 10:31:30,797] - DBInterfaceMysql::query: successfully!
 DEBUG root [2024-10-06 10:31:32,718] - DBInterfaceMysql::attach: successfully! addr: localhost:3306
 DEBUG root [2024-10-06 10:31:32,718] - DBThread::onStart(): 0x1465cb04cb0!
 DEBUG root [2024-10-06 10:31:32,718] - DBInterfaceMysql::attach: successfully! addr: localhost:3306
 DEBUG root [2024-10-06 10:31:32,718] - DBThread::onStart(): 0x1465cb04f20!
 DEBUG root [2024-10-06 10:31:32,718] - DBInterfaceMysql::attach: successfully! addr: localhost:3306
 DEBUG root [2024-10-06 10:31:32,718] - DBThread::onStart(): 0x1465cb04e50!
 DEBUG root [2024-10-06 10:31:32,718] - DBInterfaceMysql::attach: successfully! addr: localhost:3306
 DEBUG root [2024-10-06 10:31:32,718] - DBThread::onStart(): 0x1465cb04d80!
 DEBUG root [2024-10-06 10:31:32,718] - DBInterfaceMysql::attach: successfully! addr: localhost:3306
 DEBUG root [2024-10-06 10:31:32,718] - DBThread::onStart(): 0x1465cb04b10!
  INFO root [2024-10-06 10:31:32,735] - DBInterfaceMysql::query: successfully!
  INFO root [2024-10-06 10:31:32,735] - DBInterfaceMysql::query: successfully!
  INFO root [2024-10-06 10:31:32,735] - DBInterfaceMysql::query: successfully!
  WARN root [2024-10-06 10:31:32,751] - DBTask::process(): delay 1.92 seconds, try adjusting the kbengine[_defs].xml(numConnections) and MySQL(my.cnf->max_connections or innodb_flush_log_at_trx_commit)!
sql:(show index from tbl_Account)
  WARN root [2024-10-06 10:31:32,751] - DBTask::process(): delay 1.92 seconds, try adjusting the kbengine[_defs].xml(numConnections) and MySQL(my.cnf->max_connections or innodb_flush_log_at_trx_commit)!
sql:(CREATE TABLE IF NOT EXISTS kbe_accountinfos (`accountName` varchar(128) not null, PRIMARY KEY idKey (`accountName`),`password` varchar(255) not null,`bindata` blob,`email` varchar(191) not null, UNIQUE KEY `email` (`email`),`entityDBID` bigint(20) unsigned not null DEFAULT 0, UNIQUE KEY `entityDBID` (`entityDBID`),`flags` int unsigned not null DEFAULT 0,`deadline` bigint(20) not null DEFAULT 0,`regtime` bigint(20) not null DEFAULT 0,`lasttime` bigint(20) not null DEFAULT 0,`numlogin` int unsigned not null DEFAULT 0)ENGINE=InnoDB)
  INFO root [2024-10-06 10:31:32,751] - DBInterfaceMysql::query: successfully!
  INFO root [2024-10-06 10:31:32,751] - DBInterfaceMysql::query: successfully!
  WARN root [2024-10-06 10:31:32,751] - DBTask::process(): delay 1.92 seconds, try adjusting the kbengine[_defs].xml(numConnections) and MySQL(my.cnf->max_connections or innodb_flush_log_at_trx_commit)!
sql:(insert into kbe_serverlog (heartbeatTime, isShareDB, serverGroupID) values(1728181892,0,13419) ON DUPLICATE KEY UPDATE heartbeatTime=1728181892,isShareDB=0)
  INFO root [2024-10-06 10:31:32,751] - DBInterfaceMysql::query: successfully!
  WARN root [2024-10-06 10:31:32,751] - DBTask::process(): delay 1.92 seconds, try adjusting the kbengine[_defs].xml(numConnections) and MySQL(my.cnf->max_connections or innodb_flush_log_at_trx_commit)!
sql:(delete from kbe_email_verification where logtime<1728178292 and type=3)
  INFO root [2024-10-06 10:31:32,751] - DBInterfaceMysql::query: successfully!
  INFO root [2024-10-06 10:31:32,766] - DBInterfaceMysql::query: successfully!
  WARN root [2024-10-06 10:31:32,766] - DBTask::process(): delay 1.92 seconds, try adjusting the kbengine[_defs].xml(numConnections) and MySQL(my.cnf->max_connections or innodb_flush_log_at_trx_commit)!
sql:(select distinct(serverGroupID) from kbe_entitylog)
 DEBUG root [2024-10-06 10:31:32,799] - DBInterfaceMysql::dropEntityTableFromDB: tbl_FirstEntity.
  INFO root [2024-10-06 10:31:32,799] - DBInterfaceMysql::query: successfully!
 DEBUG root [2024-10-06 10:31:32,799] - DBInterfaceMysql::dropEntityTableFromDB: tbl_FirstSpace.
  INFO root [2024-10-06 10:31:32,799] - DBInterfaceMysql::query: successfully!
  WARN root [2024-10-06 10:31:32,799] - C:\tut\kbengine-2.5.12\kbe\src\server\dbmgr\dbmgr.cpp:306: Profile scriptCall took 4.41 seconds
  INFO root [2024-10-06 10:31:32,993] - ---- dbmgr is running ----
 DEBUG root [2024-10-06 10:31:32,993] - Components::process(): Request for the process of identity...
  WARN root [2024-10-06 10:31:39,175] - Forwarding logs to logger[192.168.43.253:50834/0/0/0]...
 ERROR root [2024-10-06 10:38:36,558] - Components::removeComponentByChannel: logger : 2000, Abnormal exit(reason=TCPPacketReceiver::processRecv(): error=10054
)! Channel(timestamp=462014458734, lastReceivedTime=461920949234, inactivityExceptionPeriod=599453831)
   OFF root [2024-10-06 10:38:36,574] - The following logs sent to logger failed:
  WARN root [2024-10-06 10:38:36,574] - ==> [2024-10-06 10:38:36 570] TCPPacketReceiver::processPendingEvents(192.168.43.253:50834): Throwing REASON_GENERAL_NETWORK - WSAECONNRESET
  INFO root [2024-10-06 11:49:36,185] - 
  INFO root [2024-10-06 11:49:36,185] - -----------------------------------------------------------------------------------------


  INFO root [2024-10-06 11:49:36,188] - Resmgr::initialize: KBE_ROOT=C:/tut/kbengine-2.5.12/
  INFO root [2024-10-06 11:49:36,188] - Resmgr::initialize: KBE_RES_PATH=C:/tut/kbengine-2.5.12/kbe/res/;C:/tut/kbengine-2.5.12/server_assets1/;C:/tut/kbengine-2.5.12/server_assets1/scripts/;C:/tut/kbengine-2.5.12/server_assets1/res/
  INFO root [2024-10-06 11:49:36,188] - Resmgr::initialize: KBE_BIN_PATH=C:/tut/kbengine-2.5.12/kbe/bin/server/
  INFO root [2024-10-06 11:49:36,202] - NetworkInterface::initialize(INTERNAL-TCP): bound to all interfaces with default route interface on 192.168.43.253 ( 192.168.43.253:55817 )
  INFO root [2024-10-06 11:49:36,202] - NetworkInterface::initialize(INTERNAL-TCP): address 192.168.43.253:55817, SOMAXCONN=511.
  INFO root [2024-10-06 11:49:36,203] - server-configs:
  INFO root [2024-10-06 11:49:36,203] - 	internalTcpAddr : 192.168.43.253:55817
  INFO root [2024-10-06 11:49:36,203] - 	componentID : 4000
  INFO root [2024-10-06 11:49:36,316] - Components::findLogger: found logger, addr:192.168.43.253:55816
  INFO root [2024-10-06 11:49:36,318] - Components::addComponent: reset orderLog, uid=13419!
  INFO root [2024-10-06 11:49:36,318] - Components::addComponent[logger], uid=13419, componentID=2000, globalorderid=1, grouporderid=1, totalcount=1
  INFO root [2024-10-06 11:49:36,328] - ---- dbmgr Version: 2.5.10. ScriptVersion: 0.1.0. Pythoncore: 3.7.3. Protocol: CEEA1830B25FC811C6B0172173A5FCD0. Config: Debug X64. Built: 12:42:43 Oct  4 2024. AppID: 4000. UID: 13419. PID: 9508 ----
  INFO root [2024-10-06 11:49:36,333] - Server 22414: 11th Gen Intel(R) Core(TM) i5-11300H @ 3.10GHz with 4193144kB RAM
  INFO root [2024-10-06 11:49:36,334] - ThreadPool::createThreadPool: creating  threadpool...
  INFO root [2024-10-06 11:49:36,334] - ThreadPool::createThreadPool: successfully(2), newThreadCount=1, normalMaxThreadCount=2, maxThreadCount=8
  INFO root [2024-10-06 11:49:36,560] - Script::install(): is successfully, Python=(3.7.3 (default, Oct  4 2024, 12:41:09) [MSC v.1941 64 bit (AMD64)])!
  INFO root [2024-10-06 11:49:36,560] - Script::install(): KBExtra is successfully!
  INFO root [2024-10-06 11:49:36,801] - Dbmgr::initializeEnd: digest(363BB7D9C7C9010E5779213C13D38542)
S_INFO root [2024-10-06 11:49:36,801] - onDBMgrReady: bootstrapGroupIndex=0, bootstrapGlobalIndex=0
  INFO root [2024-10-06 11:49:36,801] - TelnetServer server is running on port 32000
  INFO root [2024-10-06 11:49:36,801] - Dbmgr::initInterfacesHandler: interfaces addr(127.0.0.1:30099), accountType:(interfaces), chargeType:(interfaces).
  WARN root [2024-10-06 11:49:37,041] - DBUtil::initialize: db(default) password is not encrypted!
please use password(rsa):
46AC37AB2236532AF0AB5D54368616BBC1A38AB02E462B6C02DFE5F5BC53FF039A33DAC35841214E673F7AD1B49E8E9E79D2325788DE90A831C9E2DB584DC057D98443A3E5BC34607B7A77CD1345A392C4C29B8C2F0FC3A36E722898760E6F91D9085392BE366A1EC02F25915504A7625DFAAC6D23DF939463CD014C106C70D8
 DEBUG root [2024-10-06 11:49:37,048] - DBInterfaceMysql::attach: connect: localhost:3306 starting...
 DEBUG root [2024-10-06 11:49:39,091] - DBInterfaceMysql::attach: successfully! addr: localhost:3306
  INFO root [2024-10-06 11:49:39,092] - DBUtil::createInterface[0xd6266fe208]: interface=default, dbtype=mysql, ip=localhost, port=3306, currdatabase=kbe, username=kbe, connected=yes.

  INFO root [2024-10-06 11:49:39,094] - ThreadPool::createThreadPool: creating  threadpool...
  INFO root [2024-10-06 11:49:39,094] - ThreadPool::createThreadPool: successfully(5), newThreadCount=5, normalMaxThreadCount=5, maxThreadCount=5
 DEBUG root [2024-10-06 11:49:39,096] - DBInterfaceMysql::attach: connect: localhost:3306 starting...
 DEBUG root [2024-10-06 11:49:39,096] - DBInterfaceMysql::attach: connect: localhost:3306 starting...
 DEBUG root [2024-10-06 11:49:39,096] - DBInterfaceMysql::attach: connect: localhost:3306 starting...
 DEBUG root [2024-10-06 11:49:39,096] - DBInterfaceMysql::attach: connect: localhost:3306 starting...
 DEBUG root [2024-10-06 11:49:39,096] - DBInterfaceMysql::attach: connect: localhost:3306 starting...
  INFO root [2024-10-06 11:49:39,198] - DBInterfaceMysql::query: successfully!
 DEBUG root [2024-10-06 11:49:41,140] - DBInterfaceMysql::attach: successfully! addr: localhost:3306
 DEBUG root [2024-10-06 11:49:41,140] - DBThread::onStart(): 0x1dc7d475d20!
 DEBUG root [2024-10-06 11:49:41,143] - DBInterfaceMysql::attach: successfully! addr: localhost:3306
 DEBUG root [2024-10-06 11:49:41,143] - DBInterfaceMysql::attach: successfully! addr: localhost:3306
 DEBUG root [2024-10-06 11:49:41,143] - DBThread::onStart(): 0x1dc7d476c90!
 DEBUG root [2024-10-06 11:49:41,143] - DBThread::onStart(): 0x1dc7d476d60!
 DEBUG root [2024-10-06 11:49:41,143] - DBInterfaceMysql::attach: successfully! addr: localhost:3306
 DEBUG root [2024-10-06 11:49:41,144] - DBThread::onStart(): 0x1dc7d475c50!
 DEBUG root [2024-10-06 11:49:41,144] - DBInterfaceMysql::attach: successfully! addr: localhost:3306
 DEBUG root [2024-10-06 11:49:41,144] - DBThread::onStart(): 0x1dc7d476130!
  INFO root [2024-10-06 11:49:41,162] - DBInterfaceMysql::query: successfully!
  INFO root [2024-10-06 11:49:41,163] - DBInterfaceMysql::query: successfully!
  INFO root [2024-10-06 11:49:41,163] - DBInterfaceMysql::query: successfully!
  WARN root [2024-10-06 11:49:41,164] - DBTask::process(): delay 1.95 seconds, try adjusting the kbengine[_defs].xml(numConnections) and MySQL(my.cnf->max_connections or innodb_flush_log_at_trx_commit)!
sql:(CREATE TABLE IF NOT EXISTS kbe_accountinfos (`accountName` varchar(128) not null, PRIMARY KEY idKey (`accountName`),`password` varchar(255) not null,`bindata` blob,`email` varchar(191) not null, UNIQUE KEY `email` (`email`),`entityDBID` bigint(20) unsigned not null DEFAULT 0, UNIQUE KEY `entityDBID` (`entityDBID`),`flags` int unsigned not null DEFAULT 0,`deadline` bigint(20) not null DEFAULT 0,`regtime` bigint(20) not null DEFAULT 0,`lasttime` bigint(20) not null DEFAULT 0,`numlogin` int unsigned not null DEFAULT 0)ENGINE=InnoDB)
  WARN root [2024-10-06 11:49:41,165] - DBTask::process(): delay 1.94 seconds, try adjusting the kbengine[_defs].xml(numConnections) and MySQL(my.cnf->max_connections or innodb_flush_log_at_trx_commit)!
sql:(show index from tbl_Account)
  INFO root [2024-10-06 11:49:41,167] - DBInterfaceMysql::query: successfully!
  INFO root [2024-10-06 11:49:41,167] - DBInterfaceMysql::query: successfully!
  WARN root [2024-10-06 11:49:41,169] - DBTask::process(): delay 1.94 seconds, try adjusting the kbengine[_defs].xml(numConnections) and MySQL(my.cnf->max_connections or innodb_flush_log_at_trx_commit)!
sql:(insert into kbe_serverlog (heartbeatTime, isShareDB, serverGroupID) values(1728186581,0,13419) ON DUPLICATE KEY UPDATE heartbeatTime=1728186581,isShareDB=0)
  INFO root [2024-10-06 11:49:41,171] - DBInterfaceMysql::query: successfully!
  WARN root [2024-10-06 11:49:41,171] - DBTask::process(): delay 1.94 seconds, try adjusting the kbengine[_defs].xml(numConnections) and MySQL(my.cnf->max_connections or innodb_flush_log_at_trx_commit)!
sql:(delete from kbe_email_verification where logtime<1728182981 and type=3)
  INFO root [2024-10-06 11:49:41,185] - DBInterfaceMysql::query: successfully!
  INFO root [2024-10-06 11:49:41,188] - DBInterfaceMysql::query: successfully!
  WARN root [2024-10-06 11:49:41,188] - DBTask::process(): delay 1.95 seconds, try adjusting the kbengine[_defs].xml(numConnections) and MySQL(my.cnf->max_connections or innodb_flush_log_at_trx_commit)!
sql:(select distinct(serverGroupID) from kbe_entitylog)
  WARN root [2024-10-06 11:49:41,213] - C:\tut\kbengine-2.5.12\kbe\src\server\dbmgr\dbmgr.cpp:306: Profile scriptCall took 4.41 seconds
  INFO root [2024-10-06 11:49:41,441] - ---- dbmgr is running ----
 DEBUG root [2024-10-06 11:49:41,443] - Components::process(): Request for the process of identity...
  WARN root [2024-10-06 11:49:41,953] - BundleBroadcast::BundleBroadcast: Cannot bind to port 20132, errorno=10048
  WARN root [2024-10-06 11:49:48,192] - Forwarding logs to logger[192.168.43.253:55816/0/0/0]...
 ERROR root [2024-10-06 11:50:31,322] - Components::removeComponentByChannel: logger : 2000, Abnormal exit(reason=TCPPacketReceiver::processRecv(): error=10054
)! Channel(timestamp=2792696914, lastReceivedTime=2533368373, inactivityExceptionPeriod=599413033)
   OFF root [2024-10-06 11:50:31,325] - The following logs sent to logger failed:
  WARN root [2024-10-06 11:50:31,325] - ==> [2024-10-06 11:50:31 321] TCPPacketReceiver::processPendingEvents(192.168.43.253:55816): Throwing REASON_GENERAL_NETWORK - WSAECONNRESET
 ERROR root [2024-10-06 11:50:31,327] - ==> [2024-10-06 11:50:31 322] Components::removeComponentByChannel: logger : 2000, Abnormal exit(reason=TCPPacketReceiver::processRecv(): error=10054
)! Channel(timestamp=2792696914, lastReceivedTime=2533368373, inactivityExceptionPeriod=599413033)
  INFO root [2024-10-06 11:52:48,153] - 
  INFO root [2024-10-06 11:52:48,155] - -----------------------------------------------------------------------------------------


  INFO root [2024-10-06 11:52:48,173] - Resmgr::initialize: KBE_ROOT=C:/tut/kbengine-2.5.12/
  INFO root [2024-10-06 11:52:48,173] - Resmgr::initialize: KBE_RES_PATH=C:/tut/kbengine-2.5.12/kbe/res/;C:/tut/kbengine-2.5.12/getstarted_assets/;C:/tut/kbengine-2.5.12/getstarted_assets/scripts/;C:/tut/kbengine-2.5.12/getstarted_assets/res/
  INFO root [2024-10-06 11:52:48,173] - Resmgr::initialize: KBE_BIN_PATH=C:/tut/kbengine-2.5.12/kbe/bin/server/
  INFO root [2024-10-06 11:52:48,189] - NetworkInterface::initialize(INTERNAL-TCP): bound to all interfaces with default route interface on 192.168.43.253 ( 192.168.43.253:49858 )
  INFO root [2024-10-06 11:52:48,190] - NetworkInterface::initialize(INTERNAL-TCP): address 192.168.43.253:49858, SOMAXCONN=511.
  INFO root [2024-10-06 11:52:48,190] - server-configs:
  INFO root [2024-10-06 11:52:48,190] - 	internalTcpAddr : 192.168.43.253:49858
  INFO root [2024-10-06 11:52:48,191] - 	componentID : 4000
  INFO root [2024-10-06 11:52:49,714] - ---- dbmgr Version: 2.5.10. ScriptVersion: 0.1.0. Pythoncore: 3.7.3. Protocol: CEEA1830B25FC811C6B0172173A5FCD0. Config: Debug X64. Built: 12:42:43 Oct  4 2024. AppID: 4000. UID: 13419. PID: 11376 ----
  INFO root [2024-10-06 11:52:49,714] - Server 22414: 11th Gen Intel(R) Core(TM) i5-11300H @ 3.10GHz with 4193144kB RAM
  INFO root [2024-10-06 11:52:49,714] - ThreadPool::createThreadPool: creating  threadpool...
  INFO root [2024-10-06 11:52:49,716] - ThreadPool::createThreadPool: successfully(2), newThreadCount=1, normalMaxThreadCount=2, maxThreadCount=8
  INFO root [2024-10-06 11:52:49,929] - Script::install(): is successfully, Python=(3.7.3 (default, Oct  4 2024, 12:41:09) [MSC v.1941 64 bit (AMD64)])!
  INFO root [2024-10-06 11:52:49,929] - Script::install(): KBExtra is successfully!
  INFO root [2024-10-06 11:52:50,095] - Dbmgr::initializeEnd: digest(363BB7D9C7C9010E5779213C13D38542)
S_INFO root [2024-10-06 11:52:50,096] - onDBMgrReady: bootstrapGroupIndex=0, bootstrapGlobalIndex=0
  INFO root [2024-10-06 11:52:50,098] - TelnetServer server is running on port 32000
  INFO root [2024-10-06 11:52:50,098] - Dbmgr::initInterfacesHandler: interfaces addr(127.0.0.1:30099), accountType:(interfaces), chargeType:(interfaces).
  WARN root [2024-10-06 11:52:50,265] - DBUtil::initialize: db(default) password is not encrypted!
please use password(rsa):
3CAFBA6327B5FA7C30097DD026FD9E037EA6C803432733A2A5D23E753F030033092EDAB2C3359F9B0E58A18AC5929F74C75476ACA1C68CF94404F535B2421BE61D598B3190EF2EBBCBBB6C3EF35EA434CE81ED5CAB74641D66A993F786CC36E0921AE9F2CBC08E507C7E8572D3BC48FAC1893AE3CCBC4DFFACBBA275B3676511
 DEBUG root [2024-10-06 11:52:50,270] - DBInterfaceMysql::attach: connect: localhost:3306 starting...
 DEBUG root [2024-10-06 11:52:52,321] - DBInterfaceMysql::attach: successfully! addr: localhost:3306
  INFO root [2024-10-06 11:52:52,323] - DBUtil::createInterface[0xc50336e148]: interface=default, dbtype=mysql, ip=localhost, port=3306, currdatabase=kbe, username=kbe, connected=yes.

  INFO root [2024-10-06 11:52:52,328] - ThreadPool::createThreadPool: creating  threadpool...
  INFO root [2024-10-06 11:52:52,329] - ThreadPool::createThreadPool: successfully(5), newThreadCount=5, normalMaxThreadCount=5, maxThreadCount=5
 DEBUG root [2024-10-06 11:52:52,329] - DBInterfaceMysql::attach: connect: localhost:3306 starting...
 DEBUG root [2024-10-06 11:52:52,330] - DBInterfaceMysql::attach: connect: localhost:3306 starting...
 DEBUG root [2024-10-06 11:52:52,330] - DBInterfaceMysql::attach: connect: localhost:3306 starting...
 DEBUG root [2024-10-06 11:52:52,330] - DBInterfaceMysql::attach: connect: localhost:3306 starting...
 DEBUG root [2024-10-06 11:52:52,330] - DBInterfaceMysql::attach: connect: localhost:3306 starting...
  INFO root [2024-10-06 11:52:52,442] - DBInterfaceMysql::query: successfully!
 DEBUG root [2024-10-06 11:52:54,357] - DBInterfaceMysql::attach: successfully! addr: localhost:3306
 DEBUG root [2024-10-06 11:52:54,357] - DBThread::onStart(): 0x1ed403d6c50!
 DEBUG root [2024-10-06 11:52:54,357] - DBInterfaceMysql::attach: successfully! addr: localhost:3306
 DEBUG root [2024-10-06 11:52:54,357] - DBThread::onStart(): 0x1ed403d6500!
  INFO root [2024-10-06 11:52:54,378] - DBInterfaceMysql::query: successfully!
 DEBUG root [2024-10-06 11:52:54,379] - DBInterfaceMysql::attach: successfully! addr: localhost:3306
 DEBUG root [2024-10-06 11:52:54,379] - DBThread::onStart(): 0x1ed403d72d0!
 DEBUG root [2024-10-06 11:52:54,379] - DBInterfaceMysql::attach: successfully! addr: localhost:3306
 DEBUG root [2024-10-06 11:52:54,379] - DBThread::onStart(): 0x1ed403d6290!
 DEBUG root [2024-10-06 11:52:54,379] - DBInterfaceMysql::attach: successfully! addr: localhost:3306
 DEBUG root [2024-10-06 11:52:54,379] - DBThread::onStart(): 0x1ed403d66a0!
  WARN root [2024-10-06 11:52:54,380] - DBTask::process(): delay 1.92 seconds, try adjusting the kbengine[_defs].xml(numConnections) and MySQL(my.cnf->max_connections or innodb_flush_log_at_trx_commit)!
sql:(CREATE TABLE IF NOT EXISTS kbe_accountinfos (`accountName` varchar(128) not null, PRIMARY KEY idKey (`accountName`),`password` varchar(255) not null,`bindata` blob,`email` varchar(191) not null, UNIQUE KEY `email` (`email`),`entityDBID` bigint(20) unsigned not null DEFAULT 0, UNIQUE KEY `entityDBID` (`entityDBID`),`flags` int unsigned not null DEFAULT 0,`deadline` bigint(20) not null DEFAULT 0,`regtime` bigint(20) not null DEFAULT 0,`lasttime` bigint(20) not null DEFAULT 0,`numlogin` int unsigned not null DEFAULT 0)ENGINE=InnoDB)
  WARN root [2024-10-06 11:52:54,381] - DBTask::process(): delay 1.92 seconds, try adjusting the kbengine[_defs].xml(numConnections) and MySQL(my.cnf->max_connections or innodb_flush_log_at_trx_commit)!
sql:(show index from tbl_Account)
  INFO root [2024-10-06 11:52:54,385] - DBInterfaceMysql::query: successfully!
  INFO root [2024-10-06 11:52:54,386] - DBInterfaceMysql::query: successfully!
  INFO root [2024-10-06 11:52:54,394] - DBInterfaceMysql::query: successfully!
  WARN root [2024-10-06 11:52:54,394] - DBTask::process(): delay 1.94 seconds, try adjusting the kbengine[_defs].xml(numConnections) and MySQL(my.cnf->max_connections or innodb_flush_log_at_trx_commit)!
sql:(insert into kbe_serverlog (heartbeatTime, isShareDB, serverGroupID) values(1728186774,0,13419) ON DUPLICATE KEY UPDATE heartbeatTime=1728186774,isShareDB=0)
  INFO root [2024-10-06 11:52:54,395] - DBInterfaceMysql::query: successfully!
  INFO root [2024-10-06 11:52:54,395] - DBInterfaceMysql::query: successfully!
  WARN root [2024-10-06 11:52:54,395] - DBTask::process(): delay 1.94 seconds, try adjusting the kbengine[_defs].xml(numConnections) and MySQL(my.cnf->max_connections or innodb_flush_log_at_trx_commit)!
sql:(delete from kbe_email_verification where logtime<1728183174 and type=3)
  INFO root [2024-10-06 11:52:54,404] - DBInterfaceMysql::query: successfully!
  INFO root [2024-10-06 11:52:54,405] - DBInterfaceMysql::query: successfully!
  WARN root [2024-10-06 11:52:54,407] - DBTask::process(): delay 1.94 seconds, try adjusting the kbengine[_defs].xml(numConnections) and MySQL(my.cnf->max_connections or innodb_flush_log_at_trx_commit)!
sql:(select distinct(serverGroupID) from kbe_entitylog)
  WARN root [2024-10-06 11:52:54,429] - C:\tut\kbengine-2.5.12\kbe\src\server\dbmgr\dbmgr.cpp:306: Profile scriptCall took 4.33 seconds
  INFO root [2024-10-06 11:52:54,614] - ---- dbmgr is running ----
 DEBUG root [2024-10-06 11:52:54,615] - Components::process(): Request for the process of identity...
  INFO root [2024-10-06 11:53:00,789] - ServerApp::onRegisterNewApp: uid:13419, username:22414, componentType:interfaces, componentID:3000, globalorderID=-1, grouporderID=-1, intaddr:192.168.43.253, intport:30099, extaddr:nonsupport, extport:0,  from 127.0.0.1:30099/0/0/0.
  INFO root [2024-10-06 11:53:00,789] - Components::addComponent: reset orderLog, uid=13419!
  INFO root [2024-10-06 11:53:00,789] - Components::addComponent[interfaces], uid=13419, componentID=3000, globalorderid=1, grouporderid=1, totalcount=1
  INFO root [2024-10-06 11:53:00,793] - ServerApp::onRegisterNewApp: uid:13419, username:22414, componentType:baseappmgr, componentID:5000, globalorderID=-1, grouporderID=-1, intaddr:192.168.43.253, intport:49859, extaddr:nonsupport, extport:0,  from 192.168.43.253:49882/0/0/0.
  INFO root [2024-10-06 11:53:00,793] - Components::addComponent: reset orderLog, uid=13419!
  INFO root [2024-10-06 11:53:00,793] - Components::addComponent[baseappmgr], uid=13419, componentID=5000, globalorderid=1, grouporderid=1, totalcount=1
  INFO root [2024-10-06 11:53:01,019] - ServerApp::onRegisterNewApp: uid:13419, username:22414, componentType:cellappmgr, componentID:6000, globalorderID=-1, grouporderID=-1, intaddr:192.168.43.253, intport:49861, extaddr:nonsupport, extport:0,  from 192.168.43.253:49884/0/0/0.
  INFO root [2024-10-06 11:53:01,019] - Components::addComponent[cellappmgr], uid=13419, componentID=6000, globalorderid=2, grouporderid=1, totalcount=1
  INFO root [2024-10-06 11:53:01,805] - Components::findComponents: find logger(1)...
  INFO root [2024-10-06 11:53:01,907] - Components::findComponents: found logger, addr:192.168.43.253:49857
  INFO root [2024-10-06 11:53:01,907] - Components::addComponent[logger], uid=13419, componentID=2000, globalorderid=3, grouporderid=1, totalcount=1
  WARN root [2024-10-06 11:53:01,933] - Forwarding logs to logger[192.168.43.253:49857/0/0/0]...
 ERROR root [2024-10-06 11:53:13,554] - Components::removeComponentByChannel: logger : 2000, Abnormal exit(reason=TCPPacketReceiver::processRecv(): error=10054
)! Channel(timestamp=1132853424, lastReceivedTime=1016645744, inactivityExceptionPeriod=599500000)
   OFF root [2024-10-06 11:53:13,558] - The following logs sent to logger failed:
  WARN root [2024-10-06 11:53:13,559] - ==> [2024-10-06 11:53:13 554] TCPPacketReceiver::processPendingEvents(192.168.43.253:49857): Throwing REASON_GENERAL_NETWORK - WSAECONNRESET
 ERROR root [2024-10-06 11:53:13,559] - ==> [2024-10-06 11:53:13 555] Components::removeComponentByChannel: logger : 2000, Abnormal exit(reason=TCPPacketReceiver::processRecv(): error=10054
)! Channel(timestamp=1132853424, lastReceivedTime=1016645744, inactivityExceptionPeriod=599500000)
  INFO root [2024-10-06 12:07:30,416] - 
  INFO root [2024-10-06 12:07:30,422] - -----------------------------------------------------------------------------------------


  INFO root [2024-10-06 12:07:30,422] - Resmgr::initialize: KBE_ROOT=C:/tut/kbengine-2.5.12/
  INFO root [2024-10-06 12:07:30,424] - Resmgr::initialize: KBE_RES_PATH=C:/tut/kbengine-2.5.12/kbe/res/;C:/tut/kbengine-2.5.12/getstarted_assets/;C:/tut/kbengine-2.5.12/getstarted_assets/scripts/;C:/tut/kbengine-2.5.12/getstarted_assets/res/
  INFO root [2024-10-06 12:07:30,424] - Resmgr::initialize: KBE_BIN_PATH=C:/tut/kbengine-2.5.12/kbe/bin/server/
  INFO root [2024-10-06 12:07:30,431] - NetworkInterface::initialize(INTERNAL-TCP): bound to all interfaces with default route interface on 192.168.43.253 ( 192.168.43.253:50063 )
  INFO root [2024-10-06 12:07:30,431] - NetworkInterface::initialize(INTERNAL-TCP): address 192.168.43.253:50063, SOMAXCONN=511.
  INFO root [2024-10-06 12:07:30,431] - server-configs:
  INFO root [2024-10-06 12:07:30,431] - 	internalTcpAddr : 192.168.43.253:50063
  INFO root [2024-10-06 12:07:30,431] - 	componentID : 4000
  INFO root [2024-10-06 12:07:30,518] - Components::findLogger: found logger, addr:192.168.43.253:50062
  INFO root [2024-10-06 12:07:30,518] - Components::addComponent: reset orderLog, uid=13419!
  INFO root [2024-10-06 12:07:30,518] - Components::addComponent[logger], uid=13419, componentID=2000, globalorderid=1, grouporderid=1, totalcount=1
  INFO root [2024-10-06 12:07:30,526] - ---- dbmgr Version: 2.5.10. ScriptVersion: 0.1.0. Pythoncore: 3.7.3. Protocol: CEEA1830B25FC811C6B0172173A5FCD0. Config: Debug X64. Built: 12:42:43 Oct  4 2024. AppID: 4000. UID: 13419. PID: 2872 ----
  INFO root [2024-10-06 12:07:30,526] - Server 22414: 11th Gen Intel(R) Core(TM) i5-11300H @ 3.10GHz with 4193144kB RAM
  INFO root [2024-10-06 12:07:30,527] - ThreadPool::createThreadPool: creating  threadpool...
  INFO root [2024-10-06 12:07:30,527] - ThreadPool::createThreadPool: successfully(2), newThreadCount=1, normalMaxThreadCount=2, maxThreadCount=8
  INFO root [2024-10-06 12:07:30,808] - Script::install(): is successfully, Python=(3.7.3 (default, Oct  4 2024, 12:41:09) [MSC v.1941 64 bit (AMD64)])!
  INFO root [2024-10-06 12:07:30,808] - Script::install(): KBExtra is successfully!
  INFO root [2024-10-06 12:07:30,992] - Dbmgr::initializeEnd: digest(3FA6DAF5C182FB6927515F1385D8ABFE)
S_INFO root [2024-10-06 12:07:30,992] - onDBMgrReady: bootstrapGroupIndex=0, bootstrapGlobalIndex=0
  INFO root [2024-10-06 12:07:30,992] - TelnetServer server is running on port 32000
  INFO root [2024-10-06 12:07:31,001] - Dbmgr::initInterfacesHandler: interfaces addr(127.0.0.1:30099), accountType:(interfaces), chargeType:(interfaces).
  WARN root [2024-10-06 12:07:31,194] - DBUtil::initialize: db(default) password is not encrypted!
please use password(rsa):
B31D0FB99C4B5E8967A27BE247DA5B0ED25721D6CC5BF99E3D56DC7D28AE47105F7D8E7A09842AB3BB283D02D4F9709989906F280A56884A97FA9236A1BEC51C97D7908A01B784C58EC5E0F63E639DD827194792875F7FF9AF2819BF06D63B4AECB149EC226FA1E645025C17CD87A95B78D9F046391D66DAF1B3BA2C245B78FD
 DEBUG root [2024-10-06 12:07:31,211] - DBInterfaceMysql::attach: connect: localhost:3306 starting...
 DEBUG root [2024-10-06 12:07:33,244] - DBInterfaceMysql::attach: successfully! addr: localhost:3306
  INFO root [2024-10-06 12:07:33,244] - DBUtil::createInterface[0x8a578fe7a8]: interface=default, dbtype=mysql, ip=localhost, port=3306, currdatabase=kbe, username=kbe, connected=yes.

  INFO root [2024-10-06 12:07:33,244] - ThreadPool::createThreadPool: creating  threadpool...
  INFO root [2024-10-06 12:07:33,244] - ThreadPool::createThreadPool: successfully(5), newThreadCount=5, normalMaxThreadCount=5, maxThreadCount=5
 DEBUG root [2024-10-06 12:07:33,244] - DBInterfaceMysql::attach: connect: localhost:3306 starting...
 DEBUG root [2024-10-06 12:07:33,245] - DBInterfaceMysql::attach: connect: localhost:3306 starting...
 DEBUG root [2024-10-06 12:07:33,245] - DBInterfaceMysql::attach: connect: localhost:3306 starting...
 DEBUG root [2024-10-06 12:07:33,245] - DBInterfaceMysql::attach: connect: localhost:3306 starting...
 DEBUG root [2024-10-06 12:07:33,245] - DBInterfaceMysql::attach: connect: localhost:3306 starting...
  INFO root [2024-10-06 12:07:33,353] - DBInterfaceMysql::query: successfully!
  WARN root [2024-10-06 12:07:33,353] - DBInterfaceMysql::checkErrors: not found FirstEntity table(dbInterface=default), reset kbe_* table...
  WARN root [2024-10-06 12:07:33,363] - DBInterfaceMysql::checkErrors: reset kbe_* table(dbInterface=default) end!
 DEBUG root [2024-10-06 12:07:35,282] - DBInterfaceMysql::attach: successfully! addr: localhost:3306
 DEBUG root [2024-10-06 12:07:35,282] - DBInterfaceMysql::attach: successfully! addr: localhost:3306
 DEBUG root [2024-10-06 12:07:35,283] - DBThread::onStart(): 0x18d0c518260!
 DEBUG root [2024-10-06 12:07:35,283] - DBThread::onStart(): 0x18d0c517970!
 DEBUG root [2024-10-06 12:07:35,283] - DBInterfaceMysql::attach: successfully! addr: localhost:3306
 DEBUG root [2024-10-06 12:07:35,283] - DBThread::onStart(): 0x18d0c517150!
 DEBUG root [2024-10-06 12:07:35,283] - DBInterfaceMysql::attach: successfully! addr: localhost:3306
 DEBUG root [2024-10-06 12:07:35,283] - DBThread::onStart(): 0x18d0c517e50!
 DEBUG root [2024-10-06 12:07:35,283] - DBInterfaceMysql::attach: successfully! addr: localhost:3306
 DEBUG root [2024-10-06 12:07:35,284] - DBThread::onStart(): 0x18d0c517080!
  INFO root [2024-10-06 12:07:35,284] - DBInterfaceMysql::query: successfully!
  WARN root [2024-10-06 12:07:35,284] - DBTask::process(): delay 1.92 seconds, try adjusting the kbengine[_defs].xml(numConnections) and MySQL(my.cnf->max_connections or innodb_flush_log_at_trx_commit)!
sql:(show index from tbl_Account)
  WARN root [2024-10-06 12:07:35,287] - DBTask::process(): delay 1.92 seconds, try adjusting the kbengine[_defs].xml(numConnections) and MySQL(my.cnf->max_connections or innodb_flush_log_at_trx_commit)!
sql:(insert into kbe_serverlog (heartbeatTime, isShareDB, serverGroupID) values(1728187655,0,13419) ON DUPLICATE KEY UPDATE heartbeatTime=1728187655,isShareDB=0)
  INFO root [2024-10-06 12:07:35,287] - DBInterfaceMysql::query: successfully!
  INFO root [2024-10-06 12:07:35,289] - DBInterfaceMysql::query: successfully!
  WARN root [2024-10-06 12:07:35,289] - DBTask::process(): delay 1.92 seconds, try adjusting the kbengine[_defs].xml(numConnections) and MySQL(my.cnf->max_connections or innodb_flush_log_at_trx_commit)!
sql:(CREATE TABLE IF NOT EXISTS kbe_accountinfos (`accountName` varchar(128) not null, PRIMARY KEY idKey (`accountName`),`password` varchar(255) not null,`bindata` blob,`email` varchar(191) not null, UNIQUE KEY `email` (`email`),`entityDBID` bigint(20) unsigned not null DEFAULT 0, UNIQUE KEY `entityDBID` (`entityDBID`),`flags` int unsigned not null DEFAULT 0,`deadline` bigint(20) not null DEFAULT 0,`regtime` bigint(20) not null DEFAULT 0,`lasttime` bigint(20) not null DEFAULT 0,`numlogin` int unsigned not null DEFAULT 0)ENGINE=InnoDB)
  INFO root [2024-10-06 12:07:35,290] - DBInterfaceMysql::query: successfully!
 DEBUG root [2024-10-06 12:07:35,290] - syncToDB(): FirstEntity->sm_autoLoad(tinyint not null DEFAULT 0).
  INFO root [2024-10-06 12:07:35,291] - DBInterfaceMysql::query: successfully!
  INFO root [2024-10-06 12:07:35,291] - DBInterfaceMysql::query: successfully!
  WARN root [2024-10-06 12:07:35,291] - DBTask::process(): delay 1.92 seconds, try adjusting the kbengine[_defs].xml(numConnections) and MySQL(my.cnf->max_connections or innodb_flush_log_at_trx_commit)!
sql:(delete from kbe_email_verification where logtime<1728184055 and type=3)
  INFO root [2024-10-06 12:07:35,292] - DBInterfaceMysql::query: successfully!
  INFO root [2024-10-06 12:07:35,295] - DBInterfaceMysql::query: successfully!
 DEBUG root [2024-10-06 12:07:35,296] - syncToDB(): FirstSpace->sm_autoLoad(tinyint not null DEFAULT 0).
  WARN root [2024-10-06 12:07:35,296] - DBTask::process(): delay 1.92 seconds, try adjusting the kbengine[_defs].xml(numConnections) and MySQL(my.cnf->max_connections or innodb_flush_log_at_trx_commit)!
sql:(select distinct(serverGroupID) from kbe_entitylog)
  INFO root [2024-10-06 12:07:35,319] - DBInterfaceMysql::query: successfully!
 DEBUG root [2024-10-06 12:07:35,319] - syncToDB(): FirstEntity->sm_0_position(float not null DEFAULT 0).
  INFO root [2024-10-06 12:07:35,320] - DBInterfaceMysql::query: successfully!
 DEBUG root [2024-10-06 12:07:35,320] - syncToDB(): FirstSpace->sm_0_position(float not null DEFAULT 0).
 DEBUG root [2024-10-06 12:07:35,332] - syncToDB(): FirstEntity->sm_1_position(float not null DEFAULT 0).
 DEBUG root [2024-10-06 12:07:35,335] - syncToDB(): FirstSpace->sm_1_position(float not null DEFAULT 0).
 DEBUG root [2024-10-06 12:07:35,355] - syncToDB(): FirstSpace->sm_2_position(float not null DEFAULT 0).
 DEBUG root [2024-10-06 12:07:35,356] - syncToDB(): FirstEntity->sm_2_position(float not null DEFAULT 0).
 DEBUG root [2024-10-06 12:07:35,374] - syncToDB(): FirstSpace->sm_0_direction(float not null DEFAULT 0).
 DEBUG root [2024-10-06 12:07:35,376] - syncToDB(): FirstEntity->sm_0_direction(float not null DEFAULT 0).
 DEBUG root [2024-10-06 12:07:35,392] - syncToDB(): FirstSpace->sm_1_direction(float not null DEFAULT 0).
 DEBUG root [2024-10-06 12:07:35,393] - syncToDB(): FirstEntity->sm_1_direction(float not null DEFAULT 0).
 DEBUG root [2024-10-06 12:07:35,406] - syncToDB(): FirstSpace->sm_2_direction(float not null DEFAULT 0).
 DEBUG root [2024-10-06 12:07:35,411] - syncToDB(): FirstEntity->sm_2_direction(float not null DEFAULT 0).
  WARN root [2024-10-06 12:07:35,422] - DBTask::process(): delay 1.92 seconds, try adjusting the kbengine[_defs].xml(numConnections) and MySQL(my.cnf->max_connections or innodb_flush_log_at_trx_commit)!
sql:(show index from tbl_FirstSpace)
  WARN root [2024-10-06 12:07:35,429] - DBTask::process(): delay 1.92 seconds, try adjusting the kbengine[_defs].xml(numConnections) and MySQL(my.cnf->max_connections or innodb_flush_log_at_trx_commit)!
sql:(show index from tbl_FirstEntity)
  WARN root [2024-10-06 12:07:35,458] - C:\tut\kbengine-2.5.12\kbe\src\server\dbmgr\dbmgr.cpp:306: Profile scriptCall took 4.46 seconds
  INFO root [2024-10-06 12:07:35,614] - ---- dbmgr is running ----
 DEBUG root [2024-10-06 12:07:35,617] - Components::process(): Request for the process of identity...
  WARN root [2024-10-06 12:07:41,773] - Forwarding logs to logger[192.168.43.253:50062/0/0/0]...
 ERROR root [2024-10-06 12:09:56,320] - Components::removeComponentByChannel: logger : 2000, Abnormal exit(reason=TCPPacketReceiver::processRecv(): error=10054
)! Channel(timestamp=11160523252, lastReceivedTime=10892731833, inactivityExceptionPeriod=599431066)
   OFF root [2024-10-06 12:09:56,328] - The following logs sent to logger failed:
  WARN root [2024-10-06 12:09:56,328] - ==> [2024-10-06 12:09:56 321] TCPPacketReceiver::processPendingEvents(192.168.43.253:50062): Throwing REASON_GENERAL_NETWORK - WSAECONNRESET
 ERROR root [2024-10-06 12:09:56,328] - ==> [2024-10-06 12:09:56 322] Components::removeComponentByChannel: logger : 2000, Abnormal exit(reason=TCPPacketReceiver::processRecv(): error=10054
)! Channel(timestamp=11160523252, lastReceivedTime=10892731833, inactivityExceptionPeriod=599431066)
  INFO root [2024-10-06 12:11:43,473] - 
  INFO root [2024-10-06 12:11:43,474] - -----------------------------------------------------------------------------------------


  INFO root [2024-10-06 12:11:43,475] - Resmgr::initialize: KBE_ROOT=C:/tut/kbengine-2.5.12/
  INFO root [2024-10-06 12:11:43,475] - Resmgr::initialize: KBE_RES_PATH=C:/tut/kbengine-2.5.12/kbe/res/;C:/tut/kbengine-2.5.12/getstarted_assets/;C:/tut/kbengine-2.5.12/getstarted_assets/scripts/;C:/tut/kbengine-2.5.12/getstarted_assets/res/
  INFO root [2024-10-06 12:11:43,475] - Resmgr::initialize: KBE_BIN_PATH=C:/tut/kbengine-2.5.12/kbe/bin/server/
  INFO root [2024-10-06 12:11:43,491] - NetworkInterface::initialize(INTERNAL-TCP): bound to all interfaces with default route interface on 192.168.43.253 ( 192.168.43.253:50163 )
  INFO root [2024-10-06 12:11:43,492] - NetworkInterface::initialize(INTERNAL-TCP): address 192.168.43.253:50163, SOMAXCONN=511.
  INFO root [2024-10-06 12:11:43,492] - server-configs:
  INFO root [2024-10-06 12:11:43,492] - 	internalTcpAddr : 192.168.43.253:50163
  INFO root [2024-10-06 12:11:43,492] - 	componentID : 4000
  INFO root [2024-10-06 12:11:43,524] - Components::findLogger: found logger, addr:192.168.43.253:50162
  INFO root [2024-10-06 12:11:43,524] - Components::addComponent: reset orderLog, uid=13419!
  INFO root [2024-10-06 12:11:43,524] - Components::addComponent[logger], uid=13419, componentID=2000, globalorderid=1, grouporderid=1, totalcount=1
  INFO root [2024-10-06 12:11:43,532] - ---- dbmgr Version: 2.5.10. ScriptVersion: 0.1.0. Pythoncore: 3.7.3. Protocol: CEEA1830B25FC811C6B0172173A5FCD0. Config: Debug X64. Built: 12:42:43 Oct  4 2024. AppID: 4000. UID: 13419. PID: 3704 ----
  INFO root [2024-10-06 12:11:43,533] - Server 22414: 11th Gen Intel(R) Core(TM) i5-11300H @ 3.10GHz with 4193144kB RAM
  INFO root [2024-10-06 12:11:43,533] - ThreadPool::createThreadPool: creating  threadpool...
  INFO root [2024-10-06 12:11:43,533] - ThreadPool::createThreadPool: successfully(2), newThreadCount=1, normalMaxThreadCount=2, maxThreadCount=8
  INFO root [2024-10-06 12:11:43,766] - Script::install(): is successfully, Python=(3.7.3 (default, Oct  4 2024, 12:41:09) [MSC v.1941 64 bit (AMD64)])!
  INFO root [2024-10-06 12:11:43,769] - Script::install(): KBExtra is successfully!
  INFO root [2024-10-06 12:11:43,904] - Dbmgr::initializeEnd: digest(3FA6DAF5C182FB6927515F1385D8ABFE)
S_INFO root [2024-10-06 12:11:43,904] - onDBMgrReady: bootstrapGroupIndex=0, bootstrapGlobalIndex=0
  INFO root [2024-10-06 12:11:43,904] - TelnetServer server is running on port 32000
  INFO root [2024-10-06 12:11:43,905] - Dbmgr::initInterfacesHandler: interfaces addr(127.0.0.1:30099), accountType:(interfaces), chargeType:(interfaces).
  WARN root [2024-10-06 12:11:44,154] - DBUtil::initialize: db(default) password is not encrypted!
please use password(rsa):
D314A771374A2D9A4F4A654D2FB6FE05BF5A7EEFC9073B2FB6A6E3E5E4343925B2A076CCE1064CBE8F5D73FBFCC6B95921F4B19B810125E213B0501F7B55DD5DE79B46EA56F22E8AFF47BD5A87278EE0CDE9B2A505A71E0CC3DE49D9C4D34FF4EE0202C1D532B528BDBBA3F577EAFD21D76B700D7F7F0E08B0E283589DAB5F54
 DEBUG root [2024-10-06 12:11:44,154] - DBInterfaceMysql::attach: connect: localhost:3306 starting...
 DEBUG root [2024-10-06 12:11:46,211] - DBInterfaceMysql::attach: successfully! addr: localhost:3306
  INFO root [2024-10-06 12:11:46,211] - DBUtil::createInterface[0xbdb470e278]: interface=default, dbtype=mysql, ip=localhost, port=3306, currdatabase=kbe, username=kbe, connected=yes.

  INFO root [2024-10-06 12:11:46,211] - ThreadPool::createThreadPool: creating  threadpool...
  INFO root [2024-10-06 12:11:46,214] - ThreadPool::createThreadPool: successfully(5), newThreadCount=5, normalMaxThreadCount=5, maxThreadCount=5
 DEBUG root [2024-10-06 12:11:46,214] - DBInterfaceMysql::attach: connect: localhost:3306 starting...
 DEBUG root [2024-10-06 12:11:46,214] - DBInterfaceMysql::attach: connect: localhost:3306 starting...
 DEBUG root [2024-10-06 12:11:46,215] - DBInterfaceMysql::attach: connect: localhost:3306 starting...
 DEBUG root [2024-10-06 12:11:46,215] - DBInterfaceMysql::attach: connect: localhost:3306 starting...
 DEBUG root [2024-10-06 12:11:46,215] - DBInterfaceMysql::attach: connect: localhost:3306 starting...
  INFO root [2024-10-06 12:11:46,322] - DBInterfaceMysql::query: successfully!
 DEBUG root [2024-10-06 12:11:48,265] - DBInterfaceMysql::attach: successfully! addr: localhost:3306
 DEBUG root [2024-10-06 12:11:48,265] - DBThread::onStart(): 0x255a2657f40!
 DEBUG root [2024-10-06 12:11:48,265] - DBInterfaceMysql::attach: successfully! addr: localhost:3306
 DEBUG root [2024-10-06 12:11:48,266] - DBInterfaceMysql::attach: successfully! addr: localhost:3306
 DEBUG root [2024-10-06 12:11:48,266] - DBThread::onStart(): 0x255a2658760!
 DEBUG root [2024-10-06 12:11:48,266] - DBThread::onStart(): 0x255a2658c40!
 DEBUG root [2024-10-06 12:11:48,266] - DBInterfaceMysql::attach: successfully! addr: localhost:3306
 DEBUG root [2024-10-06 12:11:48,266] - DBThread::onStart(): 0x255a2659a10!
 DEBUG root [2024-10-06 12:11:48,267] - DBInterfaceMysql::attach: successfully! addr: localhost:3306
 DEBUG root [2024-10-06 12:11:48,267] - DBThread::onStart(): 0x255a2657b30!
  INFO root [2024-10-06 12:11:48,269] - DBInterfaceMysql::query: successfully!
  WARN root [2024-10-06 12:11:48,269] - DBTask::process(): delay 1.94 seconds, try adjusting the kbengine[_defs].xml(numConnections) and MySQL(my.cnf->max_connections or innodb_flush_log_at_trx_commit)!
sql:(show index from tbl_Account)
  INFO root [2024-10-06 12:11:48,270] - DBInterfaceMysql::query: successfully!
  INFO root [2024-10-06 12:11:48,270] - DBInterfaceMysql::query: successfully!
  WARN root [2024-10-06 12:11:48,270] - DBTask::process(): delay 1.94 seconds, try adjusting the kbengine[_defs].xml(numConnections) and MySQL(my.cnf->max_connections or innodb_flush_log_at_trx_commit)!
sql:(CREATE TABLE IF NOT EXISTS kbe_accountinfos (`accountName` varchar(128) not null, PRIMARY KEY idKey (`accountName`),`password` varchar(255) not null,`bindata` blob,`email` varchar(191) not null, UNIQUE KEY `email` (`email`),`entityDBID` bigint(20) unsigned not null DEFAULT 0, UNIQUE KEY `entityDBID` (`entityDBID`),`flags` int unsigned not null DEFAULT 0,`deadline` bigint(20) not null DEFAULT 0,`regtime` bigint(20) not null DEFAULT 0,`lasttime` bigint(20) not null DEFAULT 0,`numlogin` int unsigned not null DEFAULT 0)ENGINE=InnoDB)
  INFO root [2024-10-06 12:11:48,271] - DBInterfaceMysql::query: successfully!
  INFO root [2024-10-06 12:11:48,271] - DBInterfaceMysql::query: successfully!
  WARN root [2024-10-06 12:11:48,271] - DBTask::process(): delay 1.94 seconds, try adjusting the kbengine[_defs].xml(numConnections) and MySQL(my.cnf->max_connections or innodb_flush_log_at_trx_commit)!
sql:(insert into kbe_serverlog (heartbeatTime, isShareDB, serverGroupID) values(1728187908,0,13419) ON DUPLICATE KEY UPDATE heartbeatTime=1728187908,isShareDB=0)
  WARN root [2024-10-06 12:11:48,272] - DBTask::process(): delay 1.95 seconds, try adjusting the kbengine[_defs].xml(numConnections) and MySQL(my.cnf->max_connections or innodb_flush_log_at_trx_commit)!
sql:(show index from tbl_FirstEntity)
  INFO root [2024-10-06 12:11:48,272] - DBInterfaceMysql::query: successfully!
  WARN root [2024-10-06 12:11:48,272] - DBTask::process(): delay 1.95 seconds, try adjusting the kbengine[_defs].xml(numConnections) and MySQL(my.cnf->max_connections or innodb_flush_log_at_trx_commit)!
sql:(delete from kbe_email_verification where logtime<1728184308 and type=3)
  WARN root [2024-10-06 12:11:48,273] - DBTask::process(): delay 1.95 seconds, try adjusting the kbengine[_defs].xml(numConnections) and MySQL(my.cnf->max_connections or innodb_flush_log_at_trx_commit)!
sql:(show index from tbl_FirstSpace)
  INFO root [2024-10-06 12:11:48,277] - DBInterfaceMysql::query: successfully!
  INFO root [2024-10-06 12:11:48,278] - DBInterfaceMysql::query: successfully!
  WARN root [2024-10-06 12:11:48,279] - DBTask::process(): delay 1.94 seconds, try adjusting the kbengine[_defs].xml(numConnections) and MySQL(my.cnf->max_connections or innodb_flush_log_at_trx_commit)!
sql:(select distinct(serverGroupID) from kbe_entitylog)
  WARN root [2024-10-06 12:11:48,297] - C:\tut\kbengine-2.5.12\kbe\src\server\dbmgr\dbmgr.cpp:306: Profile scriptCall took 4.39 seconds
  INFO root [2024-10-06 12:11:48,448] - ---- dbmgr is running ----
 DEBUG root [2024-10-06 12:11:48,449] - Components::process(): Request for the process of identity...
  WARN root [2024-10-06 12:11:54,628] - Forwarding logs to logger[192.168.43.253:50162/0/0/0]...
 ERROR root [2024-10-06 12:14:21,559] - Components::removeComponentByChannel: logger : 2000, Abnormal exit(reason=TCPPacketReceiver::processRecv(): error=10054
)! Channel(timestamp=13812988355, lastReceivedTime=13724565884, inactivityExceptionPeriod=599410795)
   OFF root [2024-10-06 12:14:21,575] - The following logs sent to logger failed:
  WARN root [2024-10-06 12:14:21,575] - ==> [2024-10-06 12:14:21 567] TCPPacketReceiver::processPendingEvents(192.168.43.253:50162): Throwing REASON_GENERAL_NETWORK - WSAECONNRESET
 ERROR root [2024-10-06 12:14:21,575] - ==> [2024-10-06 12:14:21 568] Components::removeComponentByChannel: logger : 2000, Abnormal exit(reason=TCPPacketReceiver::processRecv(): error=10054
)! Channel(timestamp=13812988355, lastReceivedTime=13724565884, inactivityExceptionPeriod=599410795)
  INFO root [2024-10-06 14:20:08,847] - 
  INFO root [2024-10-06 14:20:08,847] - -----------------------------------------------------------------------------------------


  INFO root [2024-10-06 14:20:08,847] - Resmgr::initialize: KBE_ROOT=C:/tut/kbengine-2.5.12/
  INFO root [2024-10-06 14:20:08,847] - Resmgr::initialize: KBE_RES_PATH=C:/tut/kbengine-2.5.12/kbe/res/;C:/tut/kbengine-2.5.12/getstarted_assets/;C:/tut/kbengine-2.5.12/getstarted_assets/scripts/;C:/tut/kbengine-2.5.12/getstarted_assets/res/
  INFO root [2024-10-06 14:20:08,847] - Resmgr::initialize: KBE_BIN_PATH=C:/tut/kbengine-2.5.12/kbe/bin/server/
  INFO root [2024-10-06 14:20:08,868] - NetworkInterface::initialize(INTERNAL-TCP): bound to all interfaces with default route interface on 192.168.43.253 ( 192.168.43.253:50320 )
  INFO root [2024-10-06 14:20:08,868] - NetworkInterface::initialize(INTERNAL-TCP): address 192.168.43.253:50320, SOMAXCONN=511.
  INFO root [2024-10-06 14:20:08,868] - server-configs:
  INFO root [2024-10-06 14:20:08,868] - 	internalTcpAddr : 192.168.43.253:50320
  INFO root [2024-10-06 14:20:08,868] - 	componentID : 4000
  INFO root [2024-10-06 14:20:08,934] - Components::findLogger: found logger, addr:192.168.43.253:50319
  INFO root [2024-10-06 14:20:08,934] - Components::addComponent: reset orderLog, uid=13419!
  INFO root [2024-10-06 14:20:08,934] - Components::addComponent[logger], uid=13419, componentID=2000, globalorderid=1, grouporderid=1, totalcount=1
  INFO root [2024-10-06 14:20:08,937] - ---- dbmgr Version: 2.5.10. ScriptVersion: 0.1.0. Pythoncore: 3.7.3. Protocol: CEEA1830B25FC811C6B0172173A5FCD0. Config: Debug X64. Built: 12:42:43 Oct  4 2024. AppID: 4000. UID: 13419. PID: 9816 ----
  INFO root [2024-10-06 14:20:08,937] - Server 22414: 11th Gen Intel(R) Core(TM) i5-11300H @ 3.10GHz with 4193144kB RAM
  INFO root [2024-10-06 14:20:08,937] - ThreadPool::createThreadPool: creating  threadpool...
  INFO root [2024-10-06 14:20:08,937] - ThreadPool::createThreadPool: successfully(2), newThreadCount=1, normalMaxThreadCount=2, maxThreadCount=8
  INFO root [2024-10-06 14:20:09,316] - Script::install(): is successfully, Python=(3.7.3 (default, Oct  4 2024, 12:41:09) [MSC v.1941 64 bit (AMD64)])!
  INFO root [2024-10-06 14:20:09,316] - Script::install(): KBExtra is successfully!
  INFO root [2024-10-06 14:20:09,479] - Dbmgr::initializeEnd: digest(3FA6DAF5C182FB6927515F1385D8ABFE)
S_INFO root [2024-10-06 14:20:09,479] - onDBMgrReady: bootstrapGroupIndex=0, bootstrapGlobalIndex=0
  INFO root [2024-10-06 14:20:09,479] - TelnetServer server is running on port 32000
  INFO root [2024-10-06 14:20:09,479] - Dbmgr::initInterfacesHandler: interfaces addr(127.0.0.1:30099), accountType:(interfaces), chargeType:(interfaces).
  WARN root [2024-10-06 14:20:09,925] - DBUtil::initialize: db(default) password is not encrypted!
please use password(rsa):
502F556A409592F05E0498D04E2B75C77CEE55BB7539D259C3E86CD585F93D6259F9AD95A8AED9621A73CB5E98D6835CBD912F5853DFC9F27453A9860A95B49FFE6F5881A8BEDC38D5B3D316E1CB74EFE4BA8FB111554C76B331642FB872A8906AF05E44B34FEAF22BD96AC4D7B2E340EA5097056F7ACEC41854CEE79C04BC6C
 DEBUG root [2024-10-06 14:20:09,932] - DBInterfaceMysql::attach: connect: localhost:3306 starting...
 DEBUG root [2024-10-06 14:20:11,963] - DBInterfaceMysql::attach: successfully! addr: localhost:3306
  INFO root [2024-10-06 14:20:11,963] - DBUtil::createInterface[0xfb62efe0a8]: interface=default, dbtype=mysql, ip=localhost, port=3306, currdatabase=kbe, username=kbe, connected=yes.

  INFO root [2024-10-06 14:20:11,963] - ThreadPool::createThreadPool: creating  threadpool...
  INFO root [2024-10-06 14:20:11,963] - ThreadPool::createThreadPool: successfully(5), newThreadCount=5, normalMaxThreadCount=5, maxThreadCount=5
 DEBUG root [2024-10-06 14:20:11,963] - DBInterfaceMysql::attach: connect: localhost:3306 starting...
 DEBUG root [2024-10-06 14:20:11,963] - DBInterfaceMysql::attach: connect: localhost:3306 starting...
 DEBUG root [2024-10-06 14:20:11,963] - DBInterfaceMysql::attach: connect: localhost:3306 starting...
 DEBUG root [2024-10-06 14:20:11,979] - DBInterfaceMysql::attach: connect: localhost:3306 starting...
 DEBUG root [2024-10-06 14:20:11,979] - DBInterfaceMysql::attach: connect: localhost:3306 starting...
  INFO root [2024-10-06 14:20:12,094] - DBInterfaceMysql::query: successfully!
 DEBUG root [2024-10-06 14:20:14,011] - DBInterfaceMysql::attach: successfully! addr: localhost:3306
 DEBUG root [2024-10-06 14:20:14,011] - DBThread::onStart(): 0x2c0ada7a2c0!
 DEBUG root [2024-10-06 14:20:14,011] - DBInterfaceMysql::attach: successfully! addr: localhost:3306
 DEBUG root [2024-10-06 14:20:14,011] - DBThread::onStart(): 0x2c0ada79c40!
 DEBUG root [2024-10-06 14:20:14,011] - DBInterfaceMysql::attach: successfully! addr: localhost:3306
 DEBUG root [2024-10-06 14:20:14,011] - DBThread::onStart(): 0x2c0ada79f80!
 DEBUG root [2024-10-06 14:20:14,011] - DBInterfaceMysql::attach: successfully! addr: localhost:3306
 DEBUG root [2024-10-06 14:20:14,011] - DBThread::onStart(): 0x2c0ada7a050!
 DEBUG root [2024-10-06 14:20:14,011] - DBInterfaceMysql::attach: successfully! addr: localhost:3306
 DEBUG root [2024-10-06 14:20:14,011] - DBThread::onStart(): 0x2c0ada7a1f0!
  INFO root [2024-10-06 14:20:14,011] - DBInterfaceMysql::query: successfully!
  INFO root [2024-10-06 14:20:14,027] - DBInterfaceMysql::query: successfully!
  INFO root [2024-10-06 14:20:14,027] - DBInterfaceMysql::query: successfully!
  WARN root [2024-10-06 14:20:14,027] - DBTask::process(): delay 1.92 seconds, try adjusting the kbengine[_defs].xml(numConnections) and MySQL(my.cnf->max_connections or innodb_flush_log_at_trx_commit)!
sql:(CREATE TABLE IF NOT EXISTS kbe_accountinfos (`accountName` varchar(128) not null, PRIMARY KEY idKey (`accountName`),`password` varchar(255) not null,`bindata` blob,`email` varchar(191) not null, UNIQUE KEY `email` (`email`),`entityDBID` bigint(20) unsigned not null DEFAULT 0, UNIQUE KEY `entityDBID` (`entityDBID`),`flags` int unsigned not null DEFAULT 0,`deadline` bigint(20) not null DEFAULT 0,`regtime` bigint(20) not null DEFAULT 0,`lasttime` bigint(20) not null DEFAULT 0,`numlogin` int unsigned not null DEFAULT 0)ENGINE=InnoDB)
  INFO root [2024-10-06 14:20:14,027] - DBInterfaceMysql::query: successfully!
  WARN root [2024-10-06 14:20:14,027] - DBTask::process(): delay 1.92 seconds, try adjusting the kbengine[_defs].xml(numConnections) and MySQL(my.cnf->max_connections or innodb_flush_log_at_trx_commit)!
sql:(show index from tbl_Account)
  INFO root [2024-10-06 14:20:14,027] - DBInterfaceMysql::query: successfully!
  INFO root [2024-10-06 14:20:14,027] - DBInterfaceMysql::query: successfully!
  WARN root [2024-10-06 14:20:14,027] - DBTask::process(): delay 1.92 seconds, try adjusting the kbengine[_defs].xml(numConnections) and MySQL(my.cnf->max_connections or innodb_flush_log_at_trx_commit)!
sql:(delete from kbe_email_verification where logtime<1728192014 and type=3)
  WARN root [2024-10-06 14:20:14,027] - DBTask::process(): delay 1.92 seconds, try adjusting the kbengine[_defs].xml(numConnections) and MySQL(my.cnf->max_connections or innodb_flush_log_at_trx_commit)!
sql:(insert into kbe_serverlog (heartbeatTime, isShareDB, serverGroupID) values(1728195614,0,13419) ON DUPLICATE KEY UPDATE heartbeatTime=1728195614,isShareDB=0)
  WARN root [2024-10-06 14:20:14,027] - DBTask::process(): delay 1.93 seconds, try adjusting the kbengine[_defs].xml(numConnections) and MySQL(my.cnf->max_connections or innodb_flush_log_at_trx_commit)!
sql:(show index from tbl_FirstEntity)
  WARN root [2024-10-06 14:20:14,027] - DBTask::process(): delay 1.93 seconds, try adjusting the kbengine[_defs].xml(numConnections) and MySQL(my.cnf->max_connections or innodb_flush_log_at_trx_commit)!
sql:(show index from tbl_FirstSpace)
  INFO root [2024-10-06 14:20:14,027] - DBInterfaceMysql::query: successfully!
  INFO root [2024-10-06 14:20:14,045] - DBInterfaceMysql::query: successfully!
  WARN root [2024-10-06 14:20:14,045] - DBTask::process(): delay 1.92 seconds, try adjusting the kbengine[_defs].xml(numConnections) and MySQL(my.cnf->max_connections or innodb_flush_log_at_trx_commit)!
sql:(select distinct(serverGroupID) from kbe_entitylog)
  WARN root [2024-10-06 14:20:14,087] - C:\tut\kbengine-2.5.12\kbe\src\server\dbmgr\dbmgr.cpp:306: Profile scriptCall took 4.61 seconds
  INFO root [2024-10-06 14:20:14,533] - ---- dbmgr is running ----
 DEBUG root [2024-10-06 14:20:14,557] - Components::process(): Request for the process of identity...
  WARN root [2024-10-06 14:20:20,801] - Forwarding logs to logger[192.168.43.253:50319/0/0/0]...
 ERROR root [2024-10-06 14:20:32,475] - Components::removeComponentByChannel: logger : 2000, Abnormal exit(reason=TCPPacketReceiver::processRecv(): error=10054
)! Channel(timestamp=89522235729, lastReceivedTime=89286834205, inactivityExceptionPeriod=599403697)
   OFF root [2024-10-06 14:20:32,475] - The following logs sent to logger failed:
  WARN root [2024-10-06 14:20:32,475] - ==> [2024-10-06 14:20:32 477] TCPPacketReceiver::processPendingEvents(192.168.43.253:50319): Throwing REASON_GENERAL_NETWORK - WSAECONNRESET
 ERROR root [2024-10-06 14:20:32,475] - ==> [2024-10-06 14:20:32 479] Components::removeComponentByChannel: logger : 2000, Abnormal exit(reason=TCPPacketReceiver::processRecv(): error=10054
)! Channel(timestamp=89522235729, lastReceivedTime=89286834205, inactivityExceptionPeriod=599403697)
  INFO root [2024-10-06 14:23:40,072] - 
  INFO root [2024-10-06 14:23:40,072] - -----------------------------------------------------------------------------------------


  INFO root [2024-10-06 14:23:40,089] - Resmgr::initialize: KBE_ROOT=C:/tut/kbengine-2.5.12/
  INFO root [2024-10-06 14:23:40,089] - Resmgr::initialize: KBE_RES_PATH=C:/tut/kbengine-2.5.12/kbe/res/;C:/tut/kbengine-2.5.12/getstarted_assets/;C:/tut/kbengine-2.5.12/getstarted_assets/scripts/;C:/tut/kbengine-2.5.12/getstarted_assets/res/
  INFO root [2024-10-06 14:23:40,089] - Resmgr::initialize: KBE_BIN_PATH=C:/tut/kbengine-2.5.12/kbe/bin/server/
  INFO root [2024-10-06 14:23:40,104] - NetworkInterface::initialize(INTERNAL-TCP): bound to all interfaces with default route interface on 192.168.43.253 ( 192.168.43.253:63258 )
  INFO root [2024-10-06 14:23:40,104] - NetworkInterface::initialize(INTERNAL-TCP): address 192.168.43.253:63258, SOMAXCONN=511.
  INFO root [2024-10-06 14:23:40,104] - server-configs:
  INFO root [2024-10-06 14:23:40,104] - 	internalTcpAddr : 192.168.43.253:63258
  INFO root [2024-10-06 14:23:40,104] - 	componentID : 4000
  INFO root [2024-10-06 14:23:41,619] - ---- dbmgr Version: 2.5.10. ScriptVersion: 0.1.0. Pythoncore: 3.7.3. Protocol: CEEA1830B25FC811C6B0172173A5FCD0. Config: Debug X64. Built: 12:42:43 Oct  4 2024. AppID: 4000. UID: 13419. PID: 10968 ----
  INFO root [2024-10-06 14:23:41,619] - Server 22414: 11th Gen Intel(R) Core(TM) i5-11300H @ 3.10GHz with 4193144kB RAM
  INFO root [2024-10-06 14:23:41,619] - ThreadPool::createThreadPool: creating  threadpool...
  INFO root [2024-10-06 14:23:41,619] - ThreadPool::createThreadPool: successfully(2), newThreadCount=1, normalMaxThreadCount=2, maxThreadCount=8
  INFO root [2024-10-06 14:23:41,885] - Script::install(): is successfully, Python=(3.7.3 (default, Oct  4 2024, 12:41:09) [MSC v.1941 64 bit (AMD64)])!
  INFO root [2024-10-06 14:23:41,885] - Script::install(): KBExtra is successfully!
  INFO root [2024-10-06 14:23:42,080] - Dbmgr::initializeEnd: digest(3FA6DAF5C182FB6927515F1385D8ABFE)
S_INFO root [2024-10-06 14:23:42,080] - onDBMgrReady: bootstrapGroupIndex=0, bootstrapGlobalIndex=0
  INFO root [2024-10-06 14:23:42,080] - TelnetServer server is running on port 32000
  INFO root [2024-10-06 14:23:42,088] - Dbmgr::initInterfacesHandler: interfaces addr(127.0.0.1:30099), accountType:(interfaces), chargeType:(interfaces).
  WARN root [2024-10-06 14:23:42,307] - DBUtil::initialize: db(default) password is not encrypted!
please use password(rsa):
3FADDE9EA94E2E388E9EE04F94A9FF47AB8E95ADB863CA6F798DF6F9354A23AD5901A940E03E81B7E03ECD739EB9653F89A88DC18B732E2B060AD67BDB4D659AA6A901C0E015A587B52C94586DF2132246A54AFD1837EF1C3F2499E7B5B2CC35F5DF3C2E7B58A4BA75D0CAE6349A80187C2608A25B91156440D812C0AB63B497
 DEBUG root [2024-10-06 14:23:42,307] - DBInterfaceMysql::attach: connect: localhost:3306 starting...
 DEBUG root [2024-10-06 14:23:44,377] - DBInterfaceMysql::attach: successfully! addr: localhost:3306
  INFO root [2024-10-06 14:23:44,377] - DBUtil::createInterface[0x66c3afe768]: interface=default, dbtype=mysql, ip=localhost, port=3306, currdatabase=kbe, username=kbe, connected=yes.

  INFO root [2024-10-06 14:23:44,377] - ThreadPool::createThreadPool: creating  threadpool...
  INFO root [2024-10-06 14:23:44,377] - ThreadPool::createThreadPool: successfully(5), newThreadCount=5, normalMaxThreadCount=5, maxThreadCount=5
 DEBUG root [2024-10-06 14:23:44,377] - DBInterfaceMysql::attach: connect: localhost:3306 starting...
 DEBUG root [2024-10-06 14:23:44,377] - DBInterfaceMysql::attach: connect: localhost:3306 starting...
 DEBUG root [2024-10-06 14:23:44,377] - DBInterfaceMysql::attach: connect: localhost:3306 starting...
 DEBUG root [2024-10-06 14:23:44,377] - DBInterfaceMysql::attach: connect: localhost:3306 starting...
 DEBUG root [2024-10-06 14:23:44,377] - DBInterfaceMysql::attach: connect: localhost:3306 starting...
  INFO root [2024-10-06 14:23:44,491] - DBInterfaceMysql::query: successfully!
 DEBUG root [2024-10-06 14:23:46,426] - DBInterfaceMysql::attach: successfully! addr: localhost:3306
 DEBUG root [2024-10-06 14:23:46,426] - DBThread::onStart(): 0x2389b898830!
 DEBUG root [2024-10-06 14:23:46,426] - DBInterfaceMysql::attach: successfully! addr: localhost:3306
 DEBUG root [2024-10-06 14:23:46,426] - DBThread::onStart(): 0x2389b897650!
 DEBUG root [2024-10-06 14:23:46,426] - DBInterfaceMysql::attach: successfully! addr: localhost:3306
 DEBUG root [2024-10-06 14:23:46,426] - DBThread::onStart(): 0x2389b899530!
 DEBUG root [2024-10-06 14:23:46,426] - DBInterfaceMysql::attach: successfully! addr: localhost:3306
 DEBUG root [2024-10-06 14:23:46,426] - DBThread::onStart(): 0x2389b8981b0!
 DEBUG root [2024-10-06 14:23:46,426] - DBInterfaceMysql::attach: successfully! addr: localhost:3306
 DEBUG root [2024-10-06 14:23:46,426] - DBThread::onStart(): 0x2389b8980e0!
  INFO root [2024-10-06 14:23:46,442] - DBInterfaceMysql::query: successfully!
  INFO root [2024-10-06 14:23:46,442] - DBInterfaceMysql::query: successfully!
  INFO root [2024-10-06 14:23:46,442] - DBInterfaceMysql::query: successfully!
  INFO root [2024-10-06 14:23:46,442] - DBInterfaceMysql::query: successfully!
  INFO root [2024-10-06 14:23:46,442] - DBInterfaceMysql::query: successfully!
  WARN root [2024-10-06 14:23:46,442] - DBTask::process(): delay 1.94 seconds, try adjusting the kbengine[_defs].xml(numConnections) and MySQL(my.cnf->max_connections or innodb_flush_log_at_trx_commit)!
sql:(show index from tbl_Account)
  WARN root [2024-10-06 14:23:46,442] - DBTask::process(): delay 1.94 seconds, try adjusting the kbengine[_defs].xml(numConnections) and MySQL(my.cnf->max_connections or innodb_flush_log_at_trx_commit)!
sql:(CREATE TABLE IF NOT EXISTS kbe_accountinfos (`accountName` varchar(128) not null, PRIMARY KEY idKey (`accountName`),`password` varchar(255) not null,`bindata` blob,`email` varchar(191) not null, UNIQUE KEY `email` (`email`),`entityDBID` bigint(20) unsigned not null DEFAULT 0, UNIQUE KEY `entityDBID` (`entityDBID`),`flags` int unsigned not null DEFAULT 0,`deadline` bigint(20) not null DEFAULT 0,`regtime` bigint(20) not null DEFAULT 0,`lasttime` bigint(20) not null DEFAULT 0,`numlogin` int unsigned not null DEFAULT 0)ENGINE=InnoDB)
  INFO root [2024-10-06 14:23:46,442] - DBInterfaceMysql::query: successfully!
  WARN root [2024-10-06 14:23:46,442] - DBTask::process(): delay 1.94 seconds, try adjusting the kbengine[_defs].xml(numConnections) and MySQL(my.cnf->max_connections or innodb_flush_log_at_trx_commit)!
sql:(insert into kbe_serverlog (heartbeatTime, isShareDB, serverGroupID) values(1728195826,0,13419) ON DUPLICATE KEY UPDATE heartbeatTime=1728195826,isShareDB=0)
  WARN root [2024-10-06 14:23:46,442] - DBTask::process(): delay 1.94 seconds, try adjusting the kbengine[_defs].xml(numConnections) and MySQL(my.cnf->max_connections or innodb_flush_log_at_trx_commit)!
sql:(delete from kbe_email_verification where logtime<1728192226 and type=3)
  WARN root [2024-10-06 14:23:46,442] - DBTask::process(): delay 1.95 seconds, try adjusting the kbengine[_defs].xml(numConnections) and MySQL(my.cnf->max_connections or innodb_flush_log_at_trx_commit)!
sql:(show index from tbl_FirstEntity)
  WARN root [2024-10-06 14:23:46,442] - DBTask::process(): delay 1.95 seconds, try adjusting the kbengine[_defs].xml(numConnections) and MySQL(my.cnf->max_connections or innodb_flush_log_at_trx_commit)!
sql:(show index from tbl_FirstSpace)
  INFO root [2024-10-06 14:23:46,458] - DBInterfaceMysql::query: successfully!
  INFO root [2024-10-06 14:23:46,458] - DBInterfaceMysql::query: successfully!
  WARN root [2024-10-06 14:23:46,458] - DBTask::process(): delay 1.94 seconds, try adjusting the kbengine[_defs].xml(numConnections) and MySQL(my.cnf->max_connections or innodb_flush_log_at_trx_commit)!
sql:(select distinct(serverGroupID) from kbe_entitylog)
  WARN root [2024-10-06 14:23:46,491] - C:\tut\kbengine-2.5.12\kbe\src\server\dbmgr\dbmgr.cpp:306: Profile scriptCall took 4.41 seconds
  INFO root [2024-10-06 14:23:46,718] - ---- dbmgr is running ----
 DEBUG root [2024-10-06 14:23:46,718] - Components::process(): Request for the process of identity...
  INFO root [2024-10-06 14:23:52,936] - ServerApp::onRegisterNewApp: uid:13419, username:22414, componentType:interfaces, componentID:3000, globalorderID=-1, grouporderID=-1, intaddr:192.168.43.253, intport:30099, extaddr:nonsupport, extport:0,  from 127.0.0.1:30099/0/0/0.
  INFO root [2024-10-06 14:23:52,936] - Components::addComponent: reset orderLog, uid=13419!
  INFO root [2024-10-06 14:23:52,936] - Components::addComponent[interfaces], uid=13419, componentID=3000, globalorderid=1, grouporderid=1, totalcount=1
  INFO root [2024-10-06 14:23:52,951] - ServerApp::onRegisterNewApp: uid:13419, username:22414, componentType:baseappmgr, componentID:5000, globalorderID=-1, grouporderID=-1, intaddr:192.168.43.253, intport:63259, extaddr:nonsupport, extport:0,  from 192.168.43.253:63294/0/0/0.
  INFO root [2024-10-06 14:23:52,951] - Components::addComponent: reset orderLog, uid=13419!
  INFO root [2024-10-06 14:23:52,951] - Components::addComponent[baseappmgr], uid=13419, componentID=5000, globalorderid=1, grouporderid=1, totalcount=1
  INFO root [2024-10-06 14:23:52,951] - ServerApp::onRegisterNewApp: uid:13419, username:22414, componentType:cellappmgr, componentID:6000, globalorderID=-1, grouporderID=-1, intaddr:192.168.43.253, intport:63261, extaddr:nonsupport, extport:0,  from 192.168.43.253:63296/0/0/0.
  INFO root [2024-10-06 14:23:52,951] - Components::addComponent[cellappmgr], uid=13419, componentID=6000, globalorderid=2, grouporderid=1, totalcount=1
  INFO root [2024-10-06 14:23:53,953] - Components::findComponents: find logger(1)...
  INFO root [2024-10-06 14:23:53,984] - Components::findComponents: found logger, addr:192.168.43.253:63257
  INFO root [2024-10-06 14:23:53,984] - Components::addComponent[logger], uid=13419, componentID=2000, globalorderid=3, grouporderid=1, totalcount=1
  WARN root [2024-10-06 14:23:53,999] - Forwarding logs to logger[192.168.43.253:63257/0/0/0]...
 ERROR root [2024-10-06 14:24:01,763] - Components::removeComponentByChannel: logger : 2000, Abnormal exit(reason=TCPPacketReceiver::processRecv(): error=10054
)! Channel(timestamp=1826768647, lastReceivedTime=1749070945, inactivityExceptionPeriod=599500000)
   OFF root [2024-10-06 14:24:01,763] - The following logs sent to logger failed:
  WARN root [2024-10-06 14:24:01,763] - ==> [2024-10-06 14:24:01 769] TCPPacketReceiver::processPendingEvents(192.168.43.253:63257): Throwing REASON_GENERAL_NETWORK - WSAECONNRESET
 ERROR root [2024-10-06 14:24:01,763] - ==> [2024-10-06 14:24:01 770] Components::removeComponentByChannel: logger : 2000, Abnormal exit(reason=TCPPacketReceiver::processRecv(): error=10054
)! Channel(timestamp=1826768647, lastReceivedTime=1749070945, inactivityExceptionPeriod=599500000)
